Building DAG of jobs...
Using shell: /usr/bin/bash
Provided cores: 2
Rules claiming more threads will be scaled down.
Job stats:
job      count
-----  -------
tao          1
total        1

Select jobs to execute...

[Tue Nov 25 13:53:01 2025]
rule tao:
    input: /home/user/MARTA/LABO/PULPO/PULPO_v2.0_Bioinformatics_Synthetic/results/CNVs/Patients/Synthetic_Patient1/tao/taoformatted.tsv, /home/user/MARTA/LABO/PULPO/PULPO_v2.0_Bioinformatics_Synthetic/results/CNVs/Patients/Synthetic_Patient2/tao/taoformatted.tsv, /home/user/MARTA/LABO/PULPO/PULPO_v2.0_Bioinformatics_Synthetic/results/CNVs/Patients/Synthetic_Patient3/tao/taoformatted.tsv, /home/user/MARTA/LABO/PULPO/PULPO_v2.0_Bioinformatics_Synthetic/results/CNVs/Patients/Synthetic_Patient4/tao/taoformatted.tsv, /home/user/MARTA/LABO/PULPO/PULPO_v2.0_Bioinformatics_Synthetic/results/CNVs/Patients/Synthetic_Patient5/tao/taoformatted.tsv, /home/user/MARTA/LABO/PULPO/PULPO_v2.0_Bioinformatics_Synthetic/results/CNVs/Patients/Synthetic_Patient6/tao/taoformatted.tsv, /home/user/MARTA/LABO/PULPO/PULPO_v2.0_Bioinformatics_Synthetic/results/CNVs/Patients/Synthetic_Patient7/tao/taoformatted.tsv, /home/user/MARTA/LABO/PULPO/PULPO_v2.0_Bioinformatics_Synthetic/results/CNVs/Patients/Synthetic_Patient8/tao/taoformatted.tsv, /home/user/MARTA/LABO/PULPO/PULPO_v2.0_Bioinformatics_Synthetic/results/CNVs/Patients/Synthetic_Patient9/tao/taoformatted.tsv, /home/user/MARTA/LABO/PULPO/PULPO_v2.0_Bioinformatics_Synthetic/results/CNVs/Patients/Synthetic_Patient10/tao/taoformatted.tsv
    output: /home/user/MARTA/LABO/PULPO/PULPO_v2.0_Bioinformatics_Synthetic/results/CNVs/Cohort/Sigminer, /home/user/MARTA/LABO/PULPO/PULPO_v2.0_Bioinformatics_Synthetic/results/CNVs/Cohort/Sigminer/signatures.csv, /home/user/MARTA/LABO/PULPO/PULPO_v2.0_Bioinformatics_Synthetic/results/CNVs/Cohort/Sigminer/exposures.csv, /home/user/MARTA/LABO/PULPO/PULPO_v2.0_Bioinformatics_Synthetic/results/CNVs/Cohort/Sigminer/Tao_signatures.png, /home/user/MARTA/LABO/PULPO/PULPO_v2.0_Bioinformatics_Synthetic/results/CNVs/Cohort/Sigminer/Tao_exposures.png
    log: /home/user/MARTA/LABO/PULPO/PULPO_v2.0_Bioinformatics_Synthetic/logs/CNVs/Cohort/tao_method.log
    jobid: 0
    benchmark: /home/user/MARTA/LABO/PULPO/PULPO_v2.0_Bioinformatics_Synthetic/logs/benchmarks/tao_benchmark.txt
    reason: Forced execution
    resources: tmpdir=/tmp, mem_mb=24000, mem_mib=22889, threads=4

[Tue Nov 25 13:53:05 2025]
Error in rule tao:
    jobid: 0
    input: /home/user/MARTA/LABO/PULPO/PULPO_v2.0_Bioinformatics_Synthetic/results/CNVs/Patients/Synthetic_Patient1/tao/taoformatted.tsv, /home/user/MARTA/LABO/PULPO/PULPO_v2.0_Bioinformatics_Synthetic/results/CNVs/Patients/Synthetic_Patient2/tao/taoformatted.tsv, /home/user/MARTA/LABO/PULPO/PULPO_v2.0_Bioinformatics_Synthetic/results/CNVs/Patients/Synthetic_Patient3/tao/taoformatted.tsv, /home/user/MARTA/LABO/PULPO/PULPO_v2.0_Bioinformatics_Synthetic/results/CNVs/Patients/Synthetic_Patient4/tao/taoformatted.tsv, /home/user/MARTA/LABO/PULPO/PULPO_v2.0_Bioinformatics_Synthetic/results/CNVs/Patients/Synthetic_Patient5/tao/taoformatted.tsv, /home/user/MARTA/LABO/PULPO/PULPO_v2.0_Bioinformatics_Synthetic/results/CNVs/Patients/Synthetic_Patient6/tao/taoformatted.tsv, /home/user/MARTA/LABO/PULPO/PULPO_v2.0_Bioinformatics_Synthetic/results/CNVs/Patients/Synthetic_Patient7/tao/taoformatted.tsv, /home/user/MARTA/LABO/PULPO/PULPO_v2.0_Bioinformatics_Synthetic/results/CNVs/Patients/Synthetic_Patient8/tao/taoformatted.tsv, /home/user/MARTA/LABO/PULPO/PULPO_v2.0_Bioinformatics_Synthetic/results/CNVs/Patients/Synthetic_Patient9/tao/taoformatted.tsv, /home/user/MARTA/LABO/PULPO/PULPO_v2.0_Bioinformatics_Synthetic/results/CNVs/Patients/Synthetic_Patient10/tao/taoformatted.tsv
    output: /home/user/MARTA/LABO/PULPO/PULPO_v2.0_Bioinformatics_Synthetic/results/CNVs/Cohort/Sigminer, /home/user/MARTA/LABO/PULPO/PULPO_v2.0_Bioinformatics_Synthetic/results/CNVs/Cohort/Sigminer/signatures.csv, /home/user/MARTA/LABO/PULPO/PULPO_v2.0_Bioinformatics_Synthetic/results/CNVs/Cohort/Sigminer/exposures.csv, /home/user/MARTA/LABO/PULPO/PULPO_v2.0_Bioinformatics_Synthetic/results/CNVs/Cohort/Sigminer/Tao_signatures.png, /home/user/MARTA/LABO/PULPO/PULPO_v2.0_Bioinformatics_Synthetic/results/CNVs/Cohort/Sigminer/Tao_exposures.png
    log: /home/user/MARTA/LABO/PULPO/PULPO_v2.0_Bioinformatics_Synthetic/logs/CNVs/Cohort/tao_method.log (check log file(s) for error details)
    shell:
        
        Rscript /home/user/MARTA/LABO/PULPO/PULPO_v2.0_Bioinformatics_Synthetic/scripts/taomethod.R /home/user/MARTA/LABO/PULPO/PULPO_v2.0_Bioinformatics_Synthetic/results/CNVs/Patients/ /home/user/MARTA/LABO/PULPO/PULPO_v2.0_Bioinformatics_Synthetic/results/CNVs/Cohort/Sigminer 1000 
        
        (one of the commands exited with non-zero exit code; note that snakemake uses bash strict mode!)

Removing output files of failed job tao since they might be corrupted:
/home/user/MARTA/LABO/PULPO/PULPO_v2.0_Bioinformatics_Synthetic/results/CNVs/Cohort/Sigminer
Shutting down, this might take some time.
Exiting because a job execution failed. Look above for error message
Complete log: .snakemake/log/2025-11-25T135301.146814.snakemake.log
