Building DAG of jobs...
Using shell: /usr/bin/bash
Provided cores: 2
Rules claiming more threads will be scaled down.
Job stats:
job              count
-------------  -------
decompressOGM        1
format_cnvs         10
tao                  1
total               12

Select jobs to execute...

[Tue Nov 25 15:54:11 2025]
rule decompressOGM:
    input: /home/user/MARTA/LABO/PULPO/PULPO_v2.0_Bioinformatics_Synthetic/DATA, /home/user/MARTA/LABO/PULPO/PULPO_v2.0_Bioinformatics_Synthetic, /home/user/MARTA/LABO/PULPO/PULPO_v2.0_Bioinformatics_Synthetic/config/samples_synthetic.tsv
    output: /home/user/MARTA/LABO/PULPO/PULPO_v2.0_Bioinformatics_Synthetic/results/DATA/Patients/Synthetic_Patient1/OGMdata/.done, /home/user/MARTA/LABO/PULPO/PULPO_v2.0_Bioinformatics_Synthetic/results/DATA/Patients/Synthetic_Patient2/OGMdata/.done, /home/user/MARTA/LABO/PULPO/PULPO_v2.0_Bioinformatics_Synthetic/results/DATA/Patients/Synthetic_Patient3/OGMdata/.done, /home/user/MARTA/LABO/PULPO/PULPO_v2.0_Bioinformatics_Synthetic/results/DATA/Patients/Synthetic_Patient4/OGMdata/.done, /home/user/MARTA/LABO/PULPO/PULPO_v2.0_Bioinformatics_Synthetic/results/DATA/Patients/Synthetic_Patient5/OGMdata/.done, /home/user/MARTA/LABO/PULPO/PULPO_v2.0_Bioinformatics_Synthetic/results/DATA/Patients/Synthetic_Patient6/OGMdata/.done, /home/user/MARTA/LABO/PULPO/PULPO_v2.0_Bioinformatics_Synthetic/results/DATA/Patients/Synthetic_Patient7/OGMdata/.done, /home/user/MARTA/LABO/PULPO/PULPO_v2.0_Bioinformatics_Synthetic/results/DATA/Patients/Synthetic_Patient8/OGMdata/.done, /home/user/MARTA/LABO/PULPO/PULPO_v2.0_Bioinformatics_Synthetic/results/DATA/Patients/Synthetic_Patient9/OGMdata/.done, /home/user/MARTA/LABO/PULPO/PULPO_v2.0_Bioinformatics_Synthetic/results/DATA/Patients/Synthetic_Patient10/OGMdata/.done
    log: /home/user/MARTA/LABO/PULPO/PULPO_v2.0_Bioinformatics_Synthetic/logs/DATA/decompressOGM/descompress.log
    jobid: 2
    reason: Updated input files: /home/user/MARTA/LABO/PULPO/PULPO_v2.0_Bioinformatics_Synthetic
    resources: tmpdir=/tmp

[Tue Nov 25 15:54:11 2025]
Finished job 2.
1 of 12 steps (8%) done
Select jobs to execute...

[Tue Nov 25 15:54:11 2025]
rule format_cnvs:
    input: /home/user/MARTA/LABO/PULPO/PULPO_v2.0_Bioinformatics_Synthetic/results/DATA/Patients/Synthetic_Patient10/OGMdata/.done
    output: /home/user/MARTA/LABO/PULPO/PULPO_v2.0_Bioinformatics_Synthetic/results/CNVs/Patients/Synthetic_Patient10/tao/taoformatted.tsv
    log: /home/user/MARTA/LABO/PULPO/PULPO_v2.0_Bioinformatics_Synthetic/logs/CNVs/Patients/Synthetic_Patient10/tao/format_cnvs.log
    jobid: 11
    reason: Input files updated by another job: /home/user/MARTA/LABO/PULPO/PULPO_v2.0_Bioinformatics_Synthetic/results/DATA/Patients/Synthetic_Patient10/OGMdata/.done
    wildcards: anonymised=Synthetic_Patient10, method=tao
    resources: tmpdir=/tmp


[Tue Nov 25 15:54:11 2025]
rule format_cnvs:
    input: /home/user/MARTA/LABO/PULPO/PULPO_v2.0_Bioinformatics_Synthetic/results/DATA/Patients/Synthetic_Patient3/OGMdata/.done
    output: /home/user/MARTA/LABO/PULPO/PULPO_v2.0_Bioinformatics_Synthetic/results/CNVs/Patients/Synthetic_Patient3/tao/taoformatted.tsv
    log: /home/user/MARTA/LABO/PULPO/PULPO_v2.0_Bioinformatics_Synthetic/logs/CNVs/Patients/Synthetic_Patient3/tao/format_cnvs.log
    jobid: 4
    reason: Input files updated by another job: /home/user/MARTA/LABO/PULPO/PULPO_v2.0_Bioinformatics_Synthetic/results/DATA/Patients/Synthetic_Patient3/OGMdata/.done
    wildcards: anonymised=Synthetic_Patient3, method=tao
    resources: tmpdir=/tmp

[Tue Nov 25 15:54:12 2025]
Finished job 11.
2 of 12 steps (17%) done
Select jobs to execute...

[Tue Nov 25 15:54:12 2025]
rule format_cnvs:
    input: /home/user/MARTA/LABO/PULPO/PULPO_v2.0_Bioinformatics_Synthetic/results/DATA/Patients/Synthetic_Patient8/OGMdata/.done
    output: /home/user/MARTA/LABO/PULPO/PULPO_v2.0_Bioinformatics_Synthetic/results/CNVs/Patients/Synthetic_Patient8/tao/taoformatted.tsv
    log: /home/user/MARTA/LABO/PULPO/PULPO_v2.0_Bioinformatics_Synthetic/logs/CNVs/Patients/Synthetic_Patient8/tao/format_cnvs.log
    jobid: 9
    reason: Input files updated by another job: /home/user/MARTA/LABO/PULPO/PULPO_v2.0_Bioinformatics_Synthetic/results/DATA/Patients/Synthetic_Patient8/OGMdata/.done
    wildcards: anonymised=Synthetic_Patient8, method=tao
    resources: tmpdir=/tmp

[Tue Nov 25 15:54:12 2025]
Finished job 4.
3 of 12 steps (25%) done
Select jobs to execute...

[Tue Nov 25 15:54:12 2025]
rule format_cnvs:
    input: /home/user/MARTA/LABO/PULPO/PULPO_v2.0_Bioinformatics_Synthetic/results/DATA/Patients/Synthetic_Patient6/OGMdata/.done
    output: /home/user/MARTA/LABO/PULPO/PULPO_v2.0_Bioinformatics_Synthetic/results/CNVs/Patients/Synthetic_Patient6/tao/taoformatted.tsv
    log: /home/user/MARTA/LABO/PULPO/PULPO_v2.0_Bioinformatics_Synthetic/logs/CNVs/Patients/Synthetic_Patient6/tao/format_cnvs.log
    jobid: 7
    reason: Input files updated by another job: /home/user/MARTA/LABO/PULPO/PULPO_v2.0_Bioinformatics_Synthetic/results/DATA/Patients/Synthetic_Patient6/OGMdata/.done
    wildcards: anonymised=Synthetic_Patient6, method=tao
    resources: tmpdir=/tmp

[Tue Nov 25 15:54:12 2025]
Finished job 9.
4 of 12 steps (33%) done
Select jobs to execute...

[Tue Nov 25 15:54:12 2025]
rule format_cnvs:
    input: /home/user/MARTA/LABO/PULPO/PULPO_v2.0_Bioinformatics_Synthetic/results/DATA/Patients/Synthetic_Patient4/OGMdata/.done
    output: /home/user/MARTA/LABO/PULPO/PULPO_v2.0_Bioinformatics_Synthetic/results/CNVs/Patients/Synthetic_Patient4/tao/taoformatted.tsv
    log: /home/user/MARTA/LABO/PULPO/PULPO_v2.0_Bioinformatics_Synthetic/logs/CNVs/Patients/Synthetic_Patient4/tao/format_cnvs.log
    jobid: 5
    reason: Input files updated by another job: /home/user/MARTA/LABO/PULPO/PULPO_v2.0_Bioinformatics_Synthetic/results/DATA/Patients/Synthetic_Patient4/OGMdata/.done
    wildcards: anonymised=Synthetic_Patient4, method=tao
    resources: tmpdir=/tmp

[Tue Nov 25 15:54:12 2025]
Finished job 7.
5 of 12 steps (42%) done
Select jobs to execute...

[Tue Nov 25 15:54:12 2025]
rule format_cnvs:
    input: /home/user/MARTA/LABO/PULPO/PULPO_v2.0_Bioinformatics_Synthetic/results/DATA/Patients/Synthetic_Patient2/OGMdata/.done
    output: /home/user/MARTA/LABO/PULPO/PULPO_v2.0_Bioinformatics_Synthetic/results/CNVs/Patients/Synthetic_Patient2/tao/taoformatted.tsv
    log: /home/user/MARTA/LABO/PULPO/PULPO_v2.0_Bioinformatics_Synthetic/logs/CNVs/Patients/Synthetic_Patient2/tao/format_cnvs.log
    jobid: 3
    reason: Input files updated by another job: /home/user/MARTA/LABO/PULPO/PULPO_v2.0_Bioinformatics_Synthetic/results/DATA/Patients/Synthetic_Patient2/OGMdata/.done
    wildcards: anonymised=Synthetic_Patient2, method=tao
    resources: tmpdir=/tmp

[Tue Nov 25 15:54:13 2025]
Finished job 5.
6 of 12 steps (50%) done
Select jobs to execute...

[Tue Nov 25 15:54:13 2025]
rule format_cnvs:
    input: /home/user/MARTA/LABO/PULPO/PULPO_v2.0_Bioinformatics_Synthetic/results/DATA/Patients/Synthetic_Patient9/OGMdata/.done
    output: /home/user/MARTA/LABO/PULPO/PULPO_v2.0_Bioinformatics_Synthetic/results/CNVs/Patients/Synthetic_Patient9/tao/taoformatted.tsv
    log: /home/user/MARTA/LABO/PULPO/PULPO_v2.0_Bioinformatics_Synthetic/logs/CNVs/Patients/Synthetic_Patient9/tao/format_cnvs.log
    jobid: 10
    reason: Input files updated by another job: /home/user/MARTA/LABO/PULPO/PULPO_v2.0_Bioinformatics_Synthetic/results/DATA/Patients/Synthetic_Patient9/OGMdata/.done
    wildcards: anonymised=Synthetic_Patient9, method=tao
    resources: tmpdir=/tmp

[Tue Nov 25 15:54:13 2025]
Finished job 3.
7 of 12 steps (58%) done
Select jobs to execute...

[Tue Nov 25 15:54:13 2025]
rule format_cnvs:
    input: /home/user/MARTA/LABO/PULPO/PULPO_v2.0_Bioinformatics_Synthetic/results/DATA/Patients/Synthetic_Patient7/OGMdata/.done
    output: /home/user/MARTA/LABO/PULPO/PULPO_v2.0_Bioinformatics_Synthetic/results/CNVs/Patients/Synthetic_Patient7/tao/taoformatted.tsv
    log: /home/user/MARTA/LABO/PULPO/PULPO_v2.0_Bioinformatics_Synthetic/logs/CNVs/Patients/Synthetic_Patient7/tao/format_cnvs.log
    jobid: 8
    reason: Input files updated by another job: /home/user/MARTA/LABO/PULPO/PULPO_v2.0_Bioinformatics_Synthetic/results/DATA/Patients/Synthetic_Patient7/OGMdata/.done
    wildcards: anonymised=Synthetic_Patient7, method=tao
    resources: tmpdir=/tmp

[Tue Nov 25 15:54:14 2025]
Finished job 10.
8 of 12 steps (67%) done
Select jobs to execute...

[Tue Nov 25 15:54:14 2025]
rule format_cnvs:
    input: /home/user/MARTA/LABO/PULPO/PULPO_v2.0_Bioinformatics_Synthetic/results/DATA/Patients/Synthetic_Patient5/OGMdata/.done
    output: /home/user/MARTA/LABO/PULPO/PULPO_v2.0_Bioinformatics_Synthetic/results/CNVs/Patients/Synthetic_Patient5/tao/taoformatted.tsv
    log: /home/user/MARTA/LABO/PULPO/PULPO_v2.0_Bioinformatics_Synthetic/logs/CNVs/Patients/Synthetic_Patient5/tao/format_cnvs.log
    jobid: 6
    reason: Input files updated by another job: /home/user/MARTA/LABO/PULPO/PULPO_v2.0_Bioinformatics_Synthetic/results/DATA/Patients/Synthetic_Patient5/OGMdata/.done
    wildcards: anonymised=Synthetic_Patient5, method=tao
    resources: tmpdir=/tmp

[Tue Nov 25 15:54:14 2025]
Finished job 8.
9 of 12 steps (75%) done
Select jobs to execute...

[Tue Nov 25 15:54:14 2025]
rule format_cnvs:
    input: /home/user/MARTA/LABO/PULPO/PULPO_v2.0_Bioinformatics_Synthetic/results/DATA/Patients/Synthetic_Patient1/OGMdata/.done
    output: /home/user/MARTA/LABO/PULPO/PULPO_v2.0_Bioinformatics_Synthetic/results/CNVs/Patients/Synthetic_Patient1/tao/taoformatted.tsv
    log: /home/user/MARTA/LABO/PULPO/PULPO_v2.0_Bioinformatics_Synthetic/logs/CNVs/Patients/Synthetic_Patient1/tao/format_cnvs.log
    jobid: 1
    reason: Input files updated by another job: /home/user/MARTA/LABO/PULPO/PULPO_v2.0_Bioinformatics_Synthetic/results/DATA/Patients/Synthetic_Patient1/OGMdata/.done
    wildcards: anonymised=Synthetic_Patient1, method=tao
    resources: tmpdir=/tmp

[Tue Nov 25 15:54:15 2025]
Finished job 6.
10 of 12 steps (83%) done
[Tue Nov 25 15:54:15 2025]
Finished job 1.
11 of 12 steps (92%) done
Select jobs to execute...

[Tue Nov 25 15:54:15 2025]
rule tao:
    input: /home/user/MARTA/LABO/PULPO/PULPO_v2.0_Bioinformatics_Synthetic/results/CNVs/Patients/Synthetic_Patient1/tao/taoformatted.tsv, /home/user/MARTA/LABO/PULPO/PULPO_v2.0_Bioinformatics_Synthetic/results/CNVs/Patients/Synthetic_Patient2/tao/taoformatted.tsv, /home/user/MARTA/LABO/PULPO/PULPO_v2.0_Bioinformatics_Synthetic/results/CNVs/Patients/Synthetic_Patient3/tao/taoformatted.tsv, /home/user/MARTA/LABO/PULPO/PULPO_v2.0_Bioinformatics_Synthetic/results/CNVs/Patients/Synthetic_Patient4/tao/taoformatted.tsv, /home/user/MARTA/LABO/PULPO/PULPO_v2.0_Bioinformatics_Synthetic/results/CNVs/Patients/Synthetic_Patient5/tao/taoformatted.tsv, /home/user/MARTA/LABO/PULPO/PULPO_v2.0_Bioinformatics_Synthetic/results/CNVs/Patients/Synthetic_Patient6/tao/taoformatted.tsv, /home/user/MARTA/LABO/PULPO/PULPO_v2.0_Bioinformatics_Synthetic/results/CNVs/Patients/Synthetic_Patient7/tao/taoformatted.tsv, /home/user/MARTA/LABO/PULPO/PULPO_v2.0_Bioinformatics_Synthetic/results/CNVs/Patients/Synthetic_Patient8/tao/taoformatted.tsv, /home/user/MARTA/LABO/PULPO/PULPO_v2.0_Bioinformatics_Synthetic/results/CNVs/Patients/Synthetic_Patient9/tao/taoformatted.tsv, /home/user/MARTA/LABO/PULPO/PULPO_v2.0_Bioinformatics_Synthetic/results/CNVs/Patients/Synthetic_Patient10/tao/taoformatted.tsv
    output: /home/user/MARTA/LABO/PULPO/PULPO_v2.0_Bioinformatics_Synthetic/results/CNVs/Cohort/Sigminer, /home/user/MARTA/LABO/PULPO/PULPO_v2.0_Bioinformatics_Synthetic/results/CNVs/Cohort/Sigminer/Tao_signatures_raw.csv, /home/user/MARTA/LABO/PULPO/PULPO_v2.0_Bioinformatics_Synthetic/results/CNVs/Cohort/Sigminer/Tao_exposures_raw.csv, /home/user/MARTA/LABO/PULPO/PULPO_v2.0_Bioinformatics_Synthetic/results/CNVs/Cohort/Sigminer/Tao_signatures.png, /home/user/MARTA/LABO/PULPO/PULPO_v2.0_Bioinformatics_Synthetic/results/CNVs/Cohort/Sigminer/Tao_exposures.png
    log: /home/user/MARTA/LABO/PULPO/PULPO_v2.0_Bioinformatics_Synthetic/logs/CNVs/Cohort/tao_method.log
    jobid: 0
    benchmark: /home/user/MARTA/LABO/PULPO/PULPO_v2.0_Bioinformatics_Synthetic/logs/benchmarks/tao_benchmark.txt
    reason: Input files updated by another job: /home/user/MARTA/LABO/PULPO/PULPO_v2.0_Bioinformatics_Synthetic/results/CNVs/Patients/Synthetic_Patient2/tao/taoformatted.tsv, /home/user/MARTA/LABO/PULPO/PULPO_v2.0_Bioinformatics_Synthetic/results/CNVs/Patients/Synthetic_Patient9/tao/taoformatted.tsv, /home/user/MARTA/LABO/PULPO/PULPO_v2.0_Bioinformatics_Synthetic/results/CNVs/Patients/Synthetic_Patient6/tao/taoformatted.tsv, /home/user/MARTA/LABO/PULPO/PULPO_v2.0_Bioinformatics_Synthetic/results/CNVs/Patients/Synthetic_Patient5/tao/taoformatted.tsv, /home/user/MARTA/LABO/PULPO/PULPO_v2.0_Bioinformatics_Synthetic/results/CNVs/Patients/Synthetic_Patient1/tao/taoformatted.tsv, /home/user/MARTA/LABO/PULPO/PULPO_v2.0_Bioinformatics_Synthetic/results/CNVs/Patients/Synthetic_Patient4/tao/taoformatted.tsv, /home/user/MARTA/LABO/PULPO/PULPO_v2.0_Bioinformatics_Synthetic/results/CNVs/Patients/Synthetic_Patient3/tao/taoformatted.tsv, /home/user/MARTA/LABO/PULPO/PULPO_v2.0_Bioinformatics_Synthetic/results/CNVs/Patients/Synthetic_Patient10/tao/taoformatted.tsv, /home/user/MARTA/LABO/PULPO/PULPO_v2.0_Bioinformatics_Synthetic/results/CNVs/Patients/Synthetic_Patient8/tao/taoformatted.tsv, /home/user/MARTA/LABO/PULPO/PULPO_v2.0_Bioinformatics_Synthetic/results/CNVs/Patients/Synthetic_Patient7/tao/taoformatted.tsv
    resources: tmpdir=/tmp, mem_mb=24000, mem_mib=22889, threads=4

[Tue Nov 25 16:03:55 2025]
Finished job 0.
12 of 12 steps (100%) done
Complete log: .snakemake/log/2025-11-25T155410.336078.snakemake.log
