Building DAG of jobs...
Using shell: /usr/bin/bash
Provided cores: 2
Rules claiming more threads will be scaled down.
Job stats:
job            count
-----------  -------
format_cnvs       10
tao                1
total             11

Select jobs to execute...

[Tue Nov 25 13:40:59 2025]
rule format_cnvs:
    input: /home/user/MARTA/LABO/PULPO/PULPO_v2.0_Bioinformatics_Synthetic/results/DATA/Patients/Synthetic_Patient10/OGMdata/.done
    output: /home/user/MARTA/LABO/PULPO/PULPO_v2.0_Bioinformatics_Synthetic/results/CNVs/Patients/Synthetic_Patient10/tao/taoformatted.tsv
    log: /home/user/MARTA/LABO/PULPO/PULPO_v2.0_Bioinformatics_Synthetic/logs/CNVs/Patients/Synthetic_Patient10/tao/format_cnvs.log
    jobid: 11
    reason: Updated input files: /home/user/MARTA/LABO/PULPO/PULPO_v2.0_Bioinformatics_Synthetic/results/DATA/Patients/Synthetic_Patient10/OGMdata/.done
    wildcards: anonymised=Synthetic_Patient10, method=tao
    resources: tmpdir=/tmp


[Tue Nov 25 13:40:59 2025]
rule format_cnvs:
    input: /home/user/MARTA/LABO/PULPO/PULPO_v2.0_Bioinformatics_Synthetic/results/DATA/Patients/Synthetic_Patient3/OGMdata/.done
    output: /home/user/MARTA/LABO/PULPO/PULPO_v2.0_Bioinformatics_Synthetic/results/CNVs/Patients/Synthetic_Patient3/tao/taoformatted.tsv
    log: /home/user/MARTA/LABO/PULPO/PULPO_v2.0_Bioinformatics_Synthetic/logs/CNVs/Patients/Synthetic_Patient3/tao/format_cnvs.log
    jobid: 4
    reason: Updated input files: /home/user/MARTA/LABO/PULPO/PULPO_v2.0_Bioinformatics_Synthetic/results/DATA/Patients/Synthetic_Patient3/OGMdata/.done
    wildcards: anonymised=Synthetic_Patient3, method=tao
    resources: tmpdir=/tmp

[Tue Nov 25 13:41:00 2025]
Finished job 11.
1 of 11 steps (9%) done
Select jobs to execute...

[Tue Nov 25 13:41:00 2025]
rule format_cnvs:
    input: /home/user/MARTA/LABO/PULPO/PULPO_v2.0_Bioinformatics_Synthetic/results/DATA/Patients/Synthetic_Patient8/OGMdata/.done
    output: /home/user/MARTA/LABO/PULPO/PULPO_v2.0_Bioinformatics_Synthetic/results/CNVs/Patients/Synthetic_Patient8/tao/taoformatted.tsv
    log: /home/user/MARTA/LABO/PULPO/PULPO_v2.0_Bioinformatics_Synthetic/logs/CNVs/Patients/Synthetic_Patient8/tao/format_cnvs.log
    jobid: 9
    reason: Updated input files: /home/user/MARTA/LABO/PULPO/PULPO_v2.0_Bioinformatics_Synthetic/results/DATA/Patients/Synthetic_Patient8/OGMdata/.done
    wildcards: anonymised=Synthetic_Patient8, method=tao
    resources: tmpdir=/tmp

[Tue Nov 25 13:41:00 2025]
Finished job 4.
2 of 11 steps (18%) done
Select jobs to execute...

[Tue Nov 25 13:41:00 2025]
rule format_cnvs:
    input: /home/user/MARTA/LABO/PULPO/PULPO_v2.0_Bioinformatics_Synthetic/results/DATA/Patients/Synthetic_Patient6/OGMdata/.done
    output: /home/user/MARTA/LABO/PULPO/PULPO_v2.0_Bioinformatics_Synthetic/results/CNVs/Patients/Synthetic_Patient6/tao/taoformatted.tsv
    log: /home/user/MARTA/LABO/PULPO/PULPO_v2.0_Bioinformatics_Synthetic/logs/CNVs/Patients/Synthetic_Patient6/tao/format_cnvs.log
    jobid: 7
    reason: Updated input files: /home/user/MARTA/LABO/PULPO/PULPO_v2.0_Bioinformatics_Synthetic/results/DATA/Patients/Synthetic_Patient6/OGMdata/.done
    wildcards: anonymised=Synthetic_Patient6, method=tao
    resources: tmpdir=/tmp

[Tue Nov 25 13:41:01 2025]
Finished job 9.
3 of 11 steps (27%) done
Select jobs to execute...

[Tue Nov 25 13:41:01 2025]
rule format_cnvs:
    input: /home/user/MARTA/LABO/PULPO/PULPO_v2.0_Bioinformatics_Synthetic/results/DATA/Patients/Synthetic_Patient4/OGMdata/.done
    output: /home/user/MARTA/LABO/PULPO/PULPO_v2.0_Bioinformatics_Synthetic/results/CNVs/Patients/Synthetic_Patient4/tao/taoformatted.tsv
    log: /home/user/MARTA/LABO/PULPO/PULPO_v2.0_Bioinformatics_Synthetic/logs/CNVs/Patients/Synthetic_Patient4/tao/format_cnvs.log
    jobid: 5
    reason: Updated input files: /home/user/MARTA/LABO/PULPO/PULPO_v2.0_Bioinformatics_Synthetic/results/DATA/Patients/Synthetic_Patient4/OGMdata/.done
    wildcards: anonymised=Synthetic_Patient4, method=tao
    resources: tmpdir=/tmp

[Tue Nov 25 13:41:01 2025]
Finished job 7.
4 of 11 steps (36%) done
Select jobs to execute...

[Tue Nov 25 13:41:01 2025]
rule format_cnvs:
    input: /home/user/MARTA/LABO/PULPO/PULPO_v2.0_Bioinformatics_Synthetic/results/DATA/Patients/Synthetic_Patient2/OGMdata/.done
    output: /home/user/MARTA/LABO/PULPO/PULPO_v2.0_Bioinformatics_Synthetic/results/CNVs/Patients/Synthetic_Patient2/tao/taoformatted.tsv
    log: /home/user/MARTA/LABO/PULPO/PULPO_v2.0_Bioinformatics_Synthetic/logs/CNVs/Patients/Synthetic_Patient2/tao/format_cnvs.log
    jobid: 3
    reason: Updated input files: /home/user/MARTA/LABO/PULPO/PULPO_v2.0_Bioinformatics_Synthetic/results/DATA/Patients/Synthetic_Patient2/OGMdata/.done
    wildcards: anonymised=Synthetic_Patient2, method=tao
    resources: tmpdir=/tmp

[Tue Nov 25 13:41:02 2025]
Finished job 5.
5 of 11 steps (45%) done
Select jobs to execute...

[Tue Nov 25 13:41:02 2025]
rule format_cnvs:
    input: /home/user/MARTA/LABO/PULPO/PULPO_v2.0_Bioinformatics_Synthetic/results/DATA/Patients/Synthetic_Patient9/OGMdata/.done
    output: /home/user/MARTA/LABO/PULPO/PULPO_v2.0_Bioinformatics_Synthetic/results/CNVs/Patients/Synthetic_Patient9/tao/taoformatted.tsv
    log: /home/user/MARTA/LABO/PULPO/PULPO_v2.0_Bioinformatics_Synthetic/logs/CNVs/Patients/Synthetic_Patient9/tao/format_cnvs.log
    jobid: 10
    reason: Updated input files: /home/user/MARTA/LABO/PULPO/PULPO_v2.0_Bioinformatics_Synthetic/results/DATA/Patients/Synthetic_Patient9/OGMdata/.done
    wildcards: anonymised=Synthetic_Patient9, method=tao
    resources: tmpdir=/tmp

[Tue Nov 25 13:41:02 2025]
Finished job 3.
6 of 11 steps (55%) done
Select jobs to execute...

[Tue Nov 25 13:41:02 2025]
rule format_cnvs:
    input: /home/user/MARTA/LABO/PULPO/PULPO_v2.0_Bioinformatics_Synthetic/results/DATA/Patients/Synthetic_Patient7/OGMdata/.done
    output: /home/user/MARTA/LABO/PULPO/PULPO_v2.0_Bioinformatics_Synthetic/results/CNVs/Patients/Synthetic_Patient7/tao/taoformatted.tsv
    log: /home/user/MARTA/LABO/PULPO/PULPO_v2.0_Bioinformatics_Synthetic/logs/CNVs/Patients/Synthetic_Patient7/tao/format_cnvs.log
    jobid: 8
    reason: Updated input files: /home/user/MARTA/LABO/PULPO/PULPO_v2.0_Bioinformatics_Synthetic/results/DATA/Patients/Synthetic_Patient7/OGMdata/.done
    wildcards: anonymised=Synthetic_Patient7, method=tao
    resources: tmpdir=/tmp

[Tue Nov 25 13:41:03 2025]
Finished job 10.
7 of 11 steps (64%) done
Select jobs to execute...

[Tue Nov 25 13:41:03 2025]
rule format_cnvs:
    input: /home/user/MARTA/LABO/PULPO/PULPO_v2.0_Bioinformatics_Synthetic/results/DATA/Patients/Synthetic_Patient5/OGMdata/.done
    output: /home/user/MARTA/LABO/PULPO/PULPO_v2.0_Bioinformatics_Synthetic/results/CNVs/Patients/Synthetic_Patient5/tao/taoformatted.tsv
    log: /home/user/MARTA/LABO/PULPO/PULPO_v2.0_Bioinformatics_Synthetic/logs/CNVs/Patients/Synthetic_Patient5/tao/format_cnvs.log
    jobid: 6
    reason: Updated input files: /home/user/MARTA/LABO/PULPO/PULPO_v2.0_Bioinformatics_Synthetic/results/DATA/Patients/Synthetic_Patient5/OGMdata/.done
    wildcards: anonymised=Synthetic_Patient5, method=tao
    resources: tmpdir=/tmp

[Tue Nov 25 13:41:03 2025]
Finished job 8.
8 of 11 steps (73%) done
Select jobs to execute...

[Tue Nov 25 13:41:03 2025]
rule format_cnvs:
    input: /home/user/MARTA/LABO/PULPO/PULPO_v2.0_Bioinformatics_Synthetic/results/DATA/Patients/Synthetic_Patient1/OGMdata/.done
    output: /home/user/MARTA/LABO/PULPO/PULPO_v2.0_Bioinformatics_Synthetic/results/CNVs/Patients/Synthetic_Patient1/tao/taoformatted.tsv
    log: /home/user/MARTA/LABO/PULPO/PULPO_v2.0_Bioinformatics_Synthetic/logs/CNVs/Patients/Synthetic_Patient1/tao/format_cnvs.log
    jobid: 1
    reason: Updated input files: /home/user/MARTA/LABO/PULPO/PULPO_v2.0_Bioinformatics_Synthetic/results/DATA/Patients/Synthetic_Patient1/OGMdata/.done
    wildcards: anonymised=Synthetic_Patient1, method=tao
    resources: tmpdir=/tmp

[Tue Nov 25 13:41:03 2025]
Finished job 6.
9 of 11 steps (82%) done
[Tue Nov 25 13:41:03 2025]
Finished job 1.
10 of 11 steps (91%) done
Select jobs to execute...

[Tue Nov 25 13:41:03 2025]
rule tao:
    input: /home/user/MARTA/LABO/PULPO/PULPO_v2.0_Bioinformatics_Synthetic/results/CNVs/Patients/Synthetic_Patient1/tao/taoformatted.tsv, /home/user/MARTA/LABO/PULPO/PULPO_v2.0_Bioinformatics_Synthetic/results/CNVs/Patients/Synthetic_Patient2/tao/taoformatted.tsv, /home/user/MARTA/LABO/PULPO/PULPO_v2.0_Bioinformatics_Synthetic/results/CNVs/Patients/Synthetic_Patient3/tao/taoformatted.tsv, /home/user/MARTA/LABO/PULPO/PULPO_v2.0_Bioinformatics_Synthetic/results/CNVs/Patients/Synthetic_Patient4/tao/taoformatted.tsv, /home/user/MARTA/LABO/PULPO/PULPO_v2.0_Bioinformatics_Synthetic/results/CNVs/Patients/Synthetic_Patient5/tao/taoformatted.tsv, /home/user/MARTA/LABO/PULPO/PULPO_v2.0_Bioinformatics_Synthetic/results/CNVs/Patients/Synthetic_Patient6/tao/taoformatted.tsv, /home/user/MARTA/LABO/PULPO/PULPO_v2.0_Bioinformatics_Synthetic/results/CNVs/Patients/Synthetic_Patient7/tao/taoformatted.tsv, /home/user/MARTA/LABO/PULPO/PULPO_v2.0_Bioinformatics_Synthetic/results/CNVs/Patients/Synthetic_Patient8/tao/taoformatted.tsv, /home/user/MARTA/LABO/PULPO/PULPO_v2.0_Bioinformatics_Synthetic/results/CNVs/Patients/Synthetic_Patient9/tao/taoformatted.tsv, /home/user/MARTA/LABO/PULPO/PULPO_v2.0_Bioinformatics_Synthetic/results/CNVs/Patients/Synthetic_Patient10/tao/taoformatted.tsv
    output: /home/user/MARTA/LABO/PULPO/PULPO_v2.0_Bioinformatics_Synthetic/results/CNVs/Cohort/Sigminer, /home/user/MARTA/LABO/PULPO/PULPO_v2.0_Bioinformatics_Synthetic/results/CNVs/Cohort/Sigminer/signatures.csv, /home/user/MARTA/LABO/PULPO/PULPO_v2.0_Bioinformatics_Synthetic/results/CNVs/Cohort/Sigminer/exposures.csv, /home/user/MARTA/LABO/PULPO/PULPO_v2.0_Bioinformatics_Synthetic/results/CNVs/Cohort/Sigminer/Tao_signatures.png, /home/user/MARTA/LABO/PULPO/PULPO_v2.0_Bioinformatics_Synthetic/results/CNVs/Cohort/Sigminer/Tao_exposures.png
    log: /home/user/MARTA/LABO/PULPO/PULPO_v2.0_Bioinformatics_Synthetic/logs/CNVs/Cohort/tao_method.log
    jobid: 0
    benchmark: /home/user/MARTA/LABO/PULPO/PULPO_v2.0_Bioinformatics_Synthetic/logs/benchmarks/tao_benchmark.txt
    reason: Input files updated by another job: /home/user/MARTA/LABO/PULPO/PULPO_v2.0_Bioinformatics_Synthetic/results/CNVs/Patients/Synthetic_Patient10/tao/taoformatted.tsv, /home/user/MARTA/LABO/PULPO/PULPO_v2.0_Bioinformatics_Synthetic/results/CNVs/Patients/Synthetic_Patient5/tao/taoformatted.tsv, /home/user/MARTA/LABO/PULPO/PULPO_v2.0_Bioinformatics_Synthetic/results/CNVs/Patients/Synthetic_Patient8/tao/taoformatted.tsv, /home/user/MARTA/LABO/PULPO/PULPO_v2.0_Bioinformatics_Synthetic/results/CNVs/Patients/Synthetic_Patient6/tao/taoformatted.tsv, /home/user/MARTA/LABO/PULPO/PULPO_v2.0_Bioinformatics_Synthetic/results/CNVs/Patients/Synthetic_Patient7/tao/taoformatted.tsv, /home/user/MARTA/LABO/PULPO/PULPO_v2.0_Bioinformatics_Synthetic/results/CNVs/Patients/Synthetic_Patient1/tao/taoformatted.tsv, /home/user/MARTA/LABO/PULPO/PULPO_v2.0_Bioinformatics_Synthetic/results/CNVs/Patients/Synthetic_Patient4/tao/taoformatted.tsv, /home/user/MARTA/LABO/PULPO/PULPO_v2.0_Bioinformatics_Synthetic/results/CNVs/Patients/Synthetic_Patient3/tao/taoformatted.tsv, /home/user/MARTA/LABO/PULPO/PULPO_v2.0_Bioinformatics_Synthetic/results/CNVs/Patients/Synthetic_Patient2/tao/taoformatted.tsv, /home/user/MARTA/LABO/PULPO/PULPO_v2.0_Bioinformatics_Synthetic/results/CNVs/Patients/Synthetic_Patient9/tao/taoformatted.tsv
    resources: tmpdir=/tmp, mem_mb=24000, mem_mib=22889, threads=4

[Tue Nov 25 13:41:07 2025]
Error in rule tao:
    jobid: 0
    input: /home/user/MARTA/LABO/PULPO/PULPO_v2.0_Bioinformatics_Synthetic/results/CNVs/Patients/Synthetic_Patient1/tao/taoformatted.tsv, /home/user/MARTA/LABO/PULPO/PULPO_v2.0_Bioinformatics_Synthetic/results/CNVs/Patients/Synthetic_Patient2/tao/taoformatted.tsv, /home/user/MARTA/LABO/PULPO/PULPO_v2.0_Bioinformatics_Synthetic/results/CNVs/Patients/Synthetic_Patient3/tao/taoformatted.tsv, /home/user/MARTA/LABO/PULPO/PULPO_v2.0_Bioinformatics_Synthetic/results/CNVs/Patients/Synthetic_Patient4/tao/taoformatted.tsv, /home/user/MARTA/LABO/PULPO/PULPO_v2.0_Bioinformatics_Synthetic/results/CNVs/Patients/Synthetic_Patient5/tao/taoformatted.tsv, /home/user/MARTA/LABO/PULPO/PULPO_v2.0_Bioinformatics_Synthetic/results/CNVs/Patients/Synthetic_Patient6/tao/taoformatted.tsv, /home/user/MARTA/LABO/PULPO/PULPO_v2.0_Bioinformatics_Synthetic/results/CNVs/Patients/Synthetic_Patient7/tao/taoformatted.tsv, /home/user/MARTA/LABO/PULPO/PULPO_v2.0_Bioinformatics_Synthetic/results/CNVs/Patients/Synthetic_Patient8/tao/taoformatted.tsv, /home/user/MARTA/LABO/PULPO/PULPO_v2.0_Bioinformatics_Synthetic/results/CNVs/Patients/Synthetic_Patient9/tao/taoformatted.tsv, /home/user/MARTA/LABO/PULPO/PULPO_v2.0_Bioinformatics_Synthetic/results/CNVs/Patients/Synthetic_Patient10/tao/taoformatted.tsv
    output: /home/user/MARTA/LABO/PULPO/PULPO_v2.0_Bioinformatics_Synthetic/results/CNVs/Cohort/Sigminer, /home/user/MARTA/LABO/PULPO/PULPO_v2.0_Bioinformatics_Synthetic/results/CNVs/Cohort/Sigminer/signatures.csv, /home/user/MARTA/LABO/PULPO/PULPO_v2.0_Bioinformatics_Synthetic/results/CNVs/Cohort/Sigminer/exposures.csv, /home/user/MARTA/LABO/PULPO/PULPO_v2.0_Bioinformatics_Synthetic/results/CNVs/Cohort/Sigminer/Tao_signatures.png, /home/user/MARTA/LABO/PULPO/PULPO_v2.0_Bioinformatics_Synthetic/results/CNVs/Cohort/Sigminer/Tao_exposures.png
    log: /home/user/MARTA/LABO/PULPO/PULPO_v2.0_Bioinformatics_Synthetic/logs/CNVs/Cohort/tao_method.log (check log file(s) for error details)
    shell:
        
        Rscript /home/user/MARTA/LABO/PULPO/PULPO_v2.0_Bioinformatics_Synthetic/scripts/taomethod.R /home/user/MARTA/LABO/PULPO/PULPO_v2.0_Bioinformatics_Synthetic/results/CNVs/Patients/ /home/user/MARTA/LABO/PULPO/PULPO_v2.0_Bioinformatics_Synthetic/results/CNVs/Cohort/Sigminer 1000 
        
        (one of the commands exited with non-zero exit code; note that snakemake uses bash strict mode!)

Removing output files of failed job tao since they might be corrupted:
/home/user/MARTA/LABO/PULPO/PULPO_v2.0_Bioinformatics_Synthetic/results/CNVs/Cohort/Sigminer
Shutting down, this might take some time.
Exiting because a job execution failed. Look above for error message
Complete log: .snakemake/log/2025-11-25T134059.191267.snakemake.log
