Building DAG of jobs...
Using shell: /usr/bin/bash
Provided cores: 2
Rules claiming more threads will be scaled down.
Job stats:
job                               count
------------------------------  -------
decompressOGM                         1
mergepatientcnvs                      1
ogm_cnv_to_sigprofiler_data          10
sigprofilerextractorcnvscohort        1
sigprofilermatrixgeneratorcnv        10
spiralize_cnvs                        1
total                                24

Select jobs to execute...

[Tue Nov 25 12:44:56 2025]
rule decompressOGM:
    input: /home/user/MARTA/LABO/PULPO/PULPO_v2.0_Bioinformatics_Synthetic/DATA, /home/user/MARTA/LABO/PULPO/PULPO_v2.0_Bioinformatics_Synthetic, /home/user/MARTA/LABO/PULPO/PULPO_v2.0_Bioinformatics_Synthetic/config/samples_synthetic.tsv
    output: /home/user/MARTA/LABO/PULPO/PULPO_v2.0_Bioinformatics_Synthetic/results/DATA/Patients/Synthetic_Patient1/OGMdata/.done, /home/user/MARTA/LABO/PULPO/PULPO_v2.0_Bioinformatics_Synthetic/results/DATA/Patients/Synthetic_Patient2/OGMdata/.done, /home/user/MARTA/LABO/PULPO/PULPO_v2.0_Bioinformatics_Synthetic/results/DATA/Patients/Synthetic_Patient3/OGMdata/.done, /home/user/MARTA/LABO/PULPO/PULPO_v2.0_Bioinformatics_Synthetic/results/DATA/Patients/Synthetic_Patient4/OGMdata/.done, /home/user/MARTA/LABO/PULPO/PULPO_v2.0_Bioinformatics_Synthetic/results/DATA/Patients/Synthetic_Patient5/OGMdata/.done, /home/user/MARTA/LABO/PULPO/PULPO_v2.0_Bioinformatics_Synthetic/results/DATA/Patients/Synthetic_Patient6/OGMdata/.done, /home/user/MARTA/LABO/PULPO/PULPO_v2.0_Bioinformatics_Synthetic/results/DATA/Patients/Synthetic_Patient7/OGMdata/.done, /home/user/MARTA/LABO/PULPO/PULPO_v2.0_Bioinformatics_Synthetic/results/DATA/Patients/Synthetic_Patient8/OGMdata/.done, /home/user/MARTA/LABO/PULPO/PULPO_v2.0_Bioinformatics_Synthetic/results/DATA/Patients/Synthetic_Patient9/OGMdata/.done, /home/user/MARTA/LABO/PULPO/PULPO_v2.0_Bioinformatics_Synthetic/results/DATA/Patients/Synthetic_Patient10/OGMdata/.done
    log: /home/user/MARTA/LABO/PULPO/PULPO_v2.0_Bioinformatics_Synthetic/logs/DATA/decompressOGM/descompress.log
    jobid: 5
    reason: Updated input files: /home/user/MARTA/LABO/PULPO/PULPO_v2.0_Bioinformatics_Synthetic
    resources: tmpdir=/tmp

[Tue Nov 25 12:44:56 2025]
Finished job 5.
1 of 24 steps (4%) done
Select jobs to execute...

[Tue Nov 25 12:44:56 2025]
rule ogm_cnv_to_sigprofiler_data:
    input: /home/user/MARTA/LABO/PULPO/PULPO_v2.0_Bioinformatics_Synthetic/results/DATA/Patients/Synthetic_Patient2/OGMdata/.done
    output: /home/user/MARTA/LABO/PULPO/PULPO_v2.0_Bioinformatics_Synthetic/results/CNVs/Patients/Synthetic_Patient2/SigProfiler/data/SigProfilerCNVdf.tsv
    log: /home/user/MARTA/LABO/PULPO/PULPO_v2.0_Bioinformatics_Synthetic/logs/CNVs/Patients/Synthetic_Patient2/SigProfiler/ogm_cnv_to_sigprofiler.log
    jobid: 7
    reason: Input files updated by another job: /home/user/MARTA/LABO/PULPO/PULPO_v2.0_Bioinformatics_Synthetic/results/DATA/Patients/Synthetic_Patient2/OGMdata/.done
    wildcards: anonymised=Synthetic_Patient2
    resources: tmpdir=/tmp

[Tue Nov 25 12:44:56 2025]
rule ogm_cnv_to_sigprofiler_data:
    input: /home/user/MARTA/LABO/PULPO/PULPO_v2.0_Bioinformatics_Synthetic/results/DATA/Patients/Synthetic_Patient3/OGMdata/.done
    output: /home/user/MARTA/LABO/PULPO/PULPO_v2.0_Bioinformatics_Synthetic/results/CNVs/Patients/Synthetic_Patient3/SigProfiler/data/SigProfilerCNVdf.tsv
    log: /home/user/MARTA/LABO/PULPO/PULPO_v2.0_Bioinformatics_Synthetic/logs/CNVs/Patients/Synthetic_Patient3/SigProfiler/ogm_cnv_to_sigprofiler.log
    jobid: 9
    reason: Input files updated by another job: /home/user/MARTA/LABO/PULPO/PULPO_v2.0_Bioinformatics_Synthetic/results/DATA/Patients/Synthetic_Patient3/OGMdata/.done
    wildcards: anonymised=Synthetic_Patient3
    resources: tmpdir=/tmp

[Tue Nov 25 12:44:58 2025]
Finished job 7.
2 of 24 steps (8%) done
Select jobs to execute...

[Tue Nov 25 12:44:58 2025]
rule ogm_cnv_to_sigprofiler_data:
    input: /home/user/MARTA/LABO/PULPO/PULPO_v2.0_Bioinformatics_Synthetic/results/DATA/Patients/Synthetic_Patient10/OGMdata/.done
    output: /home/user/MARTA/LABO/PULPO/PULPO_v2.0_Bioinformatics_Synthetic/results/CNVs/Patients/Synthetic_Patient10/SigProfiler/data/SigProfilerCNVdf.tsv
    log: /home/user/MARTA/LABO/PULPO/PULPO_v2.0_Bioinformatics_Synthetic/logs/CNVs/Patients/Synthetic_Patient10/SigProfiler/ogm_cnv_to_sigprofiler.log
    jobid: 23
    reason: Input files updated by another job: /home/user/MARTA/LABO/PULPO/PULPO_v2.0_Bioinformatics_Synthetic/results/DATA/Patients/Synthetic_Patient10/OGMdata/.done
    wildcards: anonymised=Synthetic_Patient10
    resources: tmpdir=/tmp

[Tue Nov 25 12:44:58 2025]
Finished job 9.
3 of 24 steps (12%) done
Select jobs to execute...

[Tue Nov 25 12:44:58 2025]
rule sigprofilermatrixgeneratorcnv:
    input: /home/user/MARTA/LABO/PULPO/PULPO_v2.0_Bioinformatics_Synthetic/results/CNVs/Patients/Synthetic_Patient3/SigProfiler/data/SigProfilerCNVdf.tsv
    output: /home/user/MARTA/LABO/PULPO/PULPO_v2.0_Bioinformatics_Synthetic/results/CNVs/Patients/Synthetic_Patient3/SigProfiler/results/MatrixGenerator, /home/user/MARTA/LABO/PULPO/PULPO_v2.0_Bioinformatics_Synthetic/results/CNVs/Patients/Synthetic_Patient3/SigProfiler/results/MatrixGenerator/Synthetic_Patient3.CNV48.matrix.tsv, /home/user/MARTA/LABO/PULPO/PULPO_v2.0_Bioinformatics_Synthetic/logs/CNVs/Patients/Synthetic_Patient3/SigProfiler/sigprofilercnvmatrixgenerator.log
    jobid: 8
    reason: Input files updated by another job: /home/user/MARTA/LABO/PULPO/PULPO_v2.0_Bioinformatics_Synthetic/results/CNVs/Patients/Synthetic_Patient3/SigProfiler/data/SigProfilerCNVdf.tsv
    wildcards: anonymised=Synthetic_Patient3
    resources: tmpdir=/tmp

[Tue Nov 25 12:45:00 2025]
Finished job 23.
4 of 24 steps (17%) done
Select jobs to execute...

[Tue Nov 25 12:45:00 2025]
rule sigprofilermatrixgeneratorcnv:
    input: /home/user/MARTA/LABO/PULPO/PULPO_v2.0_Bioinformatics_Synthetic/results/CNVs/Patients/Synthetic_Patient2/SigProfiler/data/SigProfilerCNVdf.tsv
    output: /home/user/MARTA/LABO/PULPO/PULPO_v2.0_Bioinformatics_Synthetic/results/CNVs/Patients/Synthetic_Patient2/SigProfiler/results/MatrixGenerator, /home/user/MARTA/LABO/PULPO/PULPO_v2.0_Bioinformatics_Synthetic/results/CNVs/Patients/Synthetic_Patient2/SigProfiler/results/MatrixGenerator/Synthetic_Patient2.CNV48.matrix.tsv, /home/user/MARTA/LABO/PULPO/PULPO_v2.0_Bioinformatics_Synthetic/logs/CNVs/Patients/Synthetic_Patient2/SigProfiler/sigprofilercnvmatrixgenerator.log
    jobid: 6
    reason: Input files updated by another job: /home/user/MARTA/LABO/PULPO/PULPO_v2.0_Bioinformatics_Synthetic/results/CNVs/Patients/Synthetic_Patient2/SigProfiler/data/SigProfilerCNVdf.tsv
    wildcards: anonymised=Synthetic_Patient2
    resources: tmpdir=/tmp

[Tue Nov 25 12:45:08 2025]
Finished job 8.
5 of 24 steps (21%) done
Select jobs to execute...

[Tue Nov 25 12:45:08 2025]
rule ogm_cnv_to_sigprofiler_data:
    input: /home/user/MARTA/LABO/PULPO/PULPO_v2.0_Bioinformatics_Synthetic/results/DATA/Patients/Synthetic_Patient9/OGMdata/.done
    output: /home/user/MARTA/LABO/PULPO/PULPO_v2.0_Bioinformatics_Synthetic/results/CNVs/Patients/Synthetic_Patient9/SigProfiler/data/SigProfilerCNVdf.tsv
    log: /home/user/MARTA/LABO/PULPO/PULPO_v2.0_Bioinformatics_Synthetic/logs/CNVs/Patients/Synthetic_Patient9/SigProfiler/ogm_cnv_to_sigprofiler.log
    jobid: 21
    reason: Input files updated by another job: /home/user/MARTA/LABO/PULPO/PULPO_v2.0_Bioinformatics_Synthetic/results/DATA/Patients/Synthetic_Patient9/OGMdata/.done
    wildcards: anonymised=Synthetic_Patient9
    resources: tmpdir=/tmp

[Tue Nov 25 12:45:10 2025]
Finished job 6.
6 of 24 steps (25%) done
Select jobs to execute...

[Tue Nov 25 12:45:10 2025]
rule ogm_cnv_to_sigprofiler_data:
    input: /home/user/MARTA/LABO/PULPO/PULPO_v2.0_Bioinformatics_Synthetic/results/DATA/Patients/Synthetic_Patient1/OGMdata/.done
    output: /home/user/MARTA/LABO/PULPO/PULPO_v2.0_Bioinformatics_Synthetic/results/CNVs/Patients/Synthetic_Patient1/SigProfiler/data/SigProfilerCNVdf.tsv
    log: /home/user/MARTA/LABO/PULPO/PULPO_v2.0_Bioinformatics_Synthetic/logs/CNVs/Patients/Synthetic_Patient1/SigProfiler/ogm_cnv_to_sigprofiler.log
    jobid: 4
    reason: Input files updated by another job: /home/user/MARTA/LABO/PULPO/PULPO_v2.0_Bioinformatics_Synthetic/results/DATA/Patients/Synthetic_Patient1/OGMdata/.done
    wildcards: anonymised=Synthetic_Patient1
    resources: tmpdir=/tmp

[Tue Nov 25 12:45:10 2025]
Finished job 21.
7 of 24 steps (29%) done
Select jobs to execute...

[Tue Nov 25 12:45:10 2025]
rule ogm_cnv_to_sigprofiler_data:
    input: /home/user/MARTA/LABO/PULPO/PULPO_v2.0_Bioinformatics_Synthetic/results/DATA/Patients/Synthetic_Patient8/OGMdata/.done
    output: /home/user/MARTA/LABO/PULPO/PULPO_v2.0_Bioinformatics_Synthetic/results/CNVs/Patients/Synthetic_Patient8/SigProfiler/data/SigProfilerCNVdf.tsv
    log: /home/user/MARTA/LABO/PULPO/PULPO_v2.0_Bioinformatics_Synthetic/logs/CNVs/Patients/Synthetic_Patient8/SigProfiler/ogm_cnv_to_sigprofiler.log
    jobid: 19
    reason: Input files updated by another job: /home/user/MARTA/LABO/PULPO/PULPO_v2.0_Bioinformatics_Synthetic/results/DATA/Patients/Synthetic_Patient8/OGMdata/.done
    wildcards: anonymised=Synthetic_Patient8
    resources: tmpdir=/tmp

[Tue Nov 25 12:45:12 2025]
Finished job 19.
8 of 24 steps (33%) done
Select jobs to execute...

[Tue Nov 25 12:45:12 2025]
rule ogm_cnv_to_sigprofiler_data:
    input: /home/user/MARTA/LABO/PULPO/PULPO_v2.0_Bioinformatics_Synthetic/results/DATA/Patients/Synthetic_Patient7/OGMdata/.done
    output: /home/user/MARTA/LABO/PULPO/PULPO_v2.0_Bioinformatics_Synthetic/results/CNVs/Patients/Synthetic_Patient7/SigProfiler/data/SigProfilerCNVdf.tsv
    log: /home/user/MARTA/LABO/PULPO/PULPO_v2.0_Bioinformatics_Synthetic/logs/CNVs/Patients/Synthetic_Patient7/SigProfiler/ogm_cnv_to_sigprofiler.log
    jobid: 17
    reason: Input files updated by another job: /home/user/MARTA/LABO/PULPO/PULPO_v2.0_Bioinformatics_Synthetic/results/DATA/Patients/Synthetic_Patient7/OGMdata/.done
    wildcards: anonymised=Synthetic_Patient7
    resources: tmpdir=/tmp

[Tue Nov 25 12:45:12 2025]
Finished job 4.
9 of 24 steps (38%) done
Select jobs to execute...

[Tue Nov 25 12:45:12 2025]
rule ogm_cnv_to_sigprofiler_data:
    input: /home/user/MARTA/LABO/PULPO/PULPO_v2.0_Bioinformatics_Synthetic/results/DATA/Patients/Synthetic_Patient6/OGMdata/.done
    output: /home/user/MARTA/LABO/PULPO/PULPO_v2.0_Bioinformatics_Synthetic/results/CNVs/Patients/Synthetic_Patient6/SigProfiler/data/SigProfilerCNVdf.tsv
    log: /home/user/MARTA/LABO/PULPO/PULPO_v2.0_Bioinformatics_Synthetic/logs/CNVs/Patients/Synthetic_Patient6/SigProfiler/ogm_cnv_to_sigprofiler.log
    jobid: 15
    reason: Input files updated by another job: /home/user/MARTA/LABO/PULPO/PULPO_v2.0_Bioinformatics_Synthetic/results/DATA/Patients/Synthetic_Patient6/OGMdata/.done
    wildcards: anonymised=Synthetic_Patient6
    resources: tmpdir=/tmp

[Tue Nov 25 12:45:14 2025]
Finished job 17.
10 of 24 steps (42%) done
Select jobs to execute...

[Tue Nov 25 12:45:14 2025]
rule ogm_cnv_to_sigprofiler_data:
    input: /home/user/MARTA/LABO/PULPO/PULPO_v2.0_Bioinformatics_Synthetic/results/DATA/Patients/Synthetic_Patient5/OGMdata/.done
    output: /home/user/MARTA/LABO/PULPO/PULPO_v2.0_Bioinformatics_Synthetic/results/CNVs/Patients/Synthetic_Patient5/SigProfiler/data/SigProfilerCNVdf.tsv
    log: /home/user/MARTA/LABO/PULPO/PULPO_v2.0_Bioinformatics_Synthetic/logs/CNVs/Patients/Synthetic_Patient5/SigProfiler/ogm_cnv_to_sigprofiler.log
    jobid: 13
    reason: Input files updated by another job: /home/user/MARTA/LABO/PULPO/PULPO_v2.0_Bioinformatics_Synthetic/results/DATA/Patients/Synthetic_Patient5/OGMdata/.done
    wildcards: anonymised=Synthetic_Patient5
    resources: tmpdir=/tmp

[Tue Nov 25 12:45:14 2025]
Finished job 15.
11 of 24 steps (46%) done
Select jobs to execute...

[Tue Nov 25 12:45:14 2025]
rule ogm_cnv_to_sigprofiler_data:
    input: /home/user/MARTA/LABO/PULPO/PULPO_v2.0_Bioinformatics_Synthetic/results/DATA/Patients/Synthetic_Patient4/OGMdata/.done
    output: /home/user/MARTA/LABO/PULPO/PULPO_v2.0_Bioinformatics_Synthetic/results/CNVs/Patients/Synthetic_Patient4/SigProfiler/data/SigProfilerCNVdf.tsv
    log: /home/user/MARTA/LABO/PULPO/PULPO_v2.0_Bioinformatics_Synthetic/logs/CNVs/Patients/Synthetic_Patient4/SigProfiler/ogm_cnv_to_sigprofiler.log
    jobid: 11
    reason: Input files updated by another job: /home/user/MARTA/LABO/PULPO/PULPO_v2.0_Bioinformatics_Synthetic/results/DATA/Patients/Synthetic_Patient4/OGMdata/.done
    wildcards: anonymised=Synthetic_Patient4
    resources: tmpdir=/tmp

[Tue Nov 25 12:45:16 2025]
Finished job 13.
12 of 24 steps (50%) done
Select jobs to execute...

[Tue Nov 25 12:45:16 2025]
rule sigprofilermatrixgeneratorcnv:
    input: /home/user/MARTA/LABO/PULPO/PULPO_v2.0_Bioinformatics_Synthetic/results/CNVs/Patients/Synthetic_Patient10/SigProfiler/data/SigProfilerCNVdf.tsv
    output: /home/user/MARTA/LABO/PULPO/PULPO_v2.0_Bioinformatics_Synthetic/results/CNVs/Patients/Synthetic_Patient10/SigProfiler/results/MatrixGenerator, /home/user/MARTA/LABO/PULPO/PULPO_v2.0_Bioinformatics_Synthetic/results/CNVs/Patients/Synthetic_Patient10/SigProfiler/results/MatrixGenerator/Synthetic_Patient10.CNV48.matrix.tsv, /home/user/MARTA/LABO/PULPO/PULPO_v2.0_Bioinformatics_Synthetic/logs/CNVs/Patients/Synthetic_Patient10/SigProfiler/sigprofilercnvmatrixgenerator.log
    jobid: 22
    reason: Input files updated by another job: /home/user/MARTA/LABO/PULPO/PULPO_v2.0_Bioinformatics_Synthetic/results/CNVs/Patients/Synthetic_Patient10/SigProfiler/data/SigProfilerCNVdf.tsv
    wildcards: anonymised=Synthetic_Patient10
    resources: tmpdir=/tmp

[Tue Nov 25 12:45:16 2025]
Finished job 11.
13 of 24 steps (54%) done
Select jobs to execute...

[Tue Nov 25 12:45:16 2025]
rule sigprofilermatrixgeneratorcnv:
    input: /home/user/MARTA/LABO/PULPO/PULPO_v2.0_Bioinformatics_Synthetic/results/CNVs/Patients/Synthetic_Patient9/SigProfiler/data/SigProfilerCNVdf.tsv
    output: /home/user/MARTA/LABO/PULPO/PULPO_v2.0_Bioinformatics_Synthetic/results/CNVs/Patients/Synthetic_Patient9/SigProfiler/results/MatrixGenerator, /home/user/MARTA/LABO/PULPO/PULPO_v2.0_Bioinformatics_Synthetic/results/CNVs/Patients/Synthetic_Patient9/SigProfiler/results/MatrixGenerator/Synthetic_Patient9.CNV48.matrix.tsv, /home/user/MARTA/LABO/PULPO/PULPO_v2.0_Bioinformatics_Synthetic/logs/CNVs/Patients/Synthetic_Patient9/SigProfiler/sigprofilercnvmatrixgenerator.log
    jobid: 20
    reason: Input files updated by another job: /home/user/MARTA/LABO/PULPO/PULPO_v2.0_Bioinformatics_Synthetic/results/CNVs/Patients/Synthetic_Patient9/SigProfiler/data/SigProfilerCNVdf.tsv
    wildcards: anonymised=Synthetic_Patient9
    resources: tmpdir=/tmp

[Tue Nov 25 12:45:25 2025]
Finished job 22.
14 of 24 steps (58%) done
Select jobs to execute...

[Tue Nov 25 12:45:26 2025]
rule sigprofilermatrixgeneratorcnv:
    input: /home/user/MARTA/LABO/PULPO/PULPO_v2.0_Bioinformatics_Synthetic/results/CNVs/Patients/Synthetic_Patient1/SigProfiler/data/SigProfilerCNVdf.tsv
    output: /home/user/MARTA/LABO/PULPO/PULPO_v2.0_Bioinformatics_Synthetic/results/CNVs/Patients/Synthetic_Patient1/SigProfiler/results/MatrixGenerator, /home/user/MARTA/LABO/PULPO/PULPO_v2.0_Bioinformatics_Synthetic/results/CNVs/Patients/Synthetic_Patient1/SigProfiler/results/MatrixGenerator/Synthetic_Patient1.CNV48.matrix.tsv, /home/user/MARTA/LABO/PULPO/PULPO_v2.0_Bioinformatics_Synthetic/logs/CNVs/Patients/Synthetic_Patient1/SigProfiler/sigprofilercnvmatrixgenerator.log
    jobid: 3
    reason: Input files updated by another job: /home/user/MARTA/LABO/PULPO/PULPO_v2.0_Bioinformatics_Synthetic/results/CNVs/Patients/Synthetic_Patient1/SigProfiler/data/SigProfilerCNVdf.tsv
    wildcards: anonymised=Synthetic_Patient1
    resources: tmpdir=/tmp

[Tue Nov 25 12:45:26 2025]
Finished job 20.
15 of 24 steps (62%) done
Select jobs to execute...

[Tue Nov 25 12:45:26 2025]
rule sigprofilermatrixgeneratorcnv:
    input: /home/user/MARTA/LABO/PULPO/PULPO_v2.0_Bioinformatics_Synthetic/results/CNVs/Patients/Synthetic_Patient8/SigProfiler/data/SigProfilerCNVdf.tsv
    output: /home/user/MARTA/LABO/PULPO/PULPO_v2.0_Bioinformatics_Synthetic/results/CNVs/Patients/Synthetic_Patient8/SigProfiler/results/MatrixGenerator, /home/user/MARTA/LABO/PULPO/PULPO_v2.0_Bioinformatics_Synthetic/results/CNVs/Patients/Synthetic_Patient8/SigProfiler/results/MatrixGenerator/Synthetic_Patient8.CNV48.matrix.tsv, /home/user/MARTA/LABO/PULPO/PULPO_v2.0_Bioinformatics_Synthetic/logs/CNVs/Patients/Synthetic_Patient8/SigProfiler/sigprofilercnvmatrixgenerator.log
    jobid: 18
    reason: Input files updated by another job: /home/user/MARTA/LABO/PULPO/PULPO_v2.0_Bioinformatics_Synthetic/results/CNVs/Patients/Synthetic_Patient8/SigProfiler/data/SigProfilerCNVdf.tsv
    wildcards: anonymised=Synthetic_Patient8
    resources: tmpdir=/tmp

[Tue Nov 25 12:45:35 2025]
Finished job 18.
16 of 24 steps (67%) done
Select jobs to execute...

[Tue Nov 25 12:45:35 2025]
rule sigprofilermatrixgeneratorcnv:
    input: /home/user/MARTA/LABO/PULPO/PULPO_v2.0_Bioinformatics_Synthetic/results/CNVs/Patients/Synthetic_Patient7/SigProfiler/data/SigProfilerCNVdf.tsv
    output: /home/user/MARTA/LABO/PULPO/PULPO_v2.0_Bioinformatics_Synthetic/results/CNVs/Patients/Synthetic_Patient7/SigProfiler/results/MatrixGenerator, /home/user/MARTA/LABO/PULPO/PULPO_v2.0_Bioinformatics_Synthetic/results/CNVs/Patients/Synthetic_Patient7/SigProfiler/results/MatrixGenerator/Synthetic_Patient7.CNV48.matrix.tsv, /home/user/MARTA/LABO/PULPO/PULPO_v2.0_Bioinformatics_Synthetic/logs/CNVs/Patients/Synthetic_Patient7/SigProfiler/sigprofilercnvmatrixgenerator.log
    jobid: 16
    reason: Input files updated by another job: /home/user/MARTA/LABO/PULPO/PULPO_v2.0_Bioinformatics_Synthetic/results/CNVs/Patients/Synthetic_Patient7/SigProfiler/data/SigProfilerCNVdf.tsv
    wildcards: anonymised=Synthetic_Patient7
    resources: tmpdir=/tmp

[Tue Nov 25 12:45:35 2025]
Finished job 3.
17 of 24 steps (71%) done
Select jobs to execute...

[Tue Nov 25 12:45:35 2025]
rule sigprofilermatrixgeneratorcnv:
    input: /home/user/MARTA/LABO/PULPO/PULPO_v2.0_Bioinformatics_Synthetic/results/CNVs/Patients/Synthetic_Patient6/SigProfiler/data/SigProfilerCNVdf.tsv
    output: /home/user/MARTA/LABO/PULPO/PULPO_v2.0_Bioinformatics_Synthetic/results/CNVs/Patients/Synthetic_Patient6/SigProfiler/results/MatrixGenerator, /home/user/MARTA/LABO/PULPO/PULPO_v2.0_Bioinformatics_Synthetic/results/CNVs/Patients/Synthetic_Patient6/SigProfiler/results/MatrixGenerator/Synthetic_Patient6.CNV48.matrix.tsv, /home/user/MARTA/LABO/PULPO/PULPO_v2.0_Bioinformatics_Synthetic/logs/CNVs/Patients/Synthetic_Patient6/SigProfiler/sigprofilercnvmatrixgenerator.log
    jobid: 14
    reason: Input files updated by another job: /home/user/MARTA/LABO/PULPO/PULPO_v2.0_Bioinformatics_Synthetic/results/CNVs/Patients/Synthetic_Patient6/SigProfiler/data/SigProfilerCNVdf.tsv
    wildcards: anonymised=Synthetic_Patient6
    resources: tmpdir=/tmp

[Tue Nov 25 12:45:44 2025]
Finished job 16.
18 of 24 steps (75%) done
Select jobs to execute...

[Tue Nov 25 12:45:44 2025]
rule sigprofilermatrixgeneratorcnv:
    input: /home/user/MARTA/LABO/PULPO/PULPO_v2.0_Bioinformatics_Synthetic/results/CNVs/Patients/Synthetic_Patient4/SigProfiler/data/SigProfilerCNVdf.tsv
    output: /home/user/MARTA/LABO/PULPO/PULPO_v2.0_Bioinformatics_Synthetic/results/CNVs/Patients/Synthetic_Patient4/SigProfiler/results/MatrixGenerator, /home/user/MARTA/LABO/PULPO/PULPO_v2.0_Bioinformatics_Synthetic/results/CNVs/Patients/Synthetic_Patient4/SigProfiler/results/MatrixGenerator/Synthetic_Patient4.CNV48.matrix.tsv, /home/user/MARTA/LABO/PULPO/PULPO_v2.0_Bioinformatics_Synthetic/logs/CNVs/Patients/Synthetic_Patient4/SigProfiler/sigprofilercnvmatrixgenerator.log
    jobid: 10
    reason: Input files updated by another job: /home/user/MARTA/LABO/PULPO/PULPO_v2.0_Bioinformatics_Synthetic/results/CNVs/Patients/Synthetic_Patient4/SigProfiler/data/SigProfilerCNVdf.tsv
    wildcards: anonymised=Synthetic_Patient4
    resources: tmpdir=/tmp

[Tue Nov 25 12:45:44 2025]
Finished job 14.
19 of 24 steps (79%) done
Select jobs to execute...

[Tue Nov 25 12:45:44 2025]
rule sigprofilermatrixgeneratorcnv:
    input: /home/user/MARTA/LABO/PULPO/PULPO_v2.0_Bioinformatics_Synthetic/results/CNVs/Patients/Synthetic_Patient5/SigProfiler/data/SigProfilerCNVdf.tsv
    output: /home/user/MARTA/LABO/PULPO/PULPO_v2.0_Bioinformatics_Synthetic/results/CNVs/Patients/Synthetic_Patient5/SigProfiler/results/MatrixGenerator, /home/user/MARTA/LABO/PULPO/PULPO_v2.0_Bioinformatics_Synthetic/results/CNVs/Patients/Synthetic_Patient5/SigProfiler/results/MatrixGenerator/Synthetic_Patient5.CNV48.matrix.tsv, /home/user/MARTA/LABO/PULPO/PULPO_v2.0_Bioinformatics_Synthetic/logs/CNVs/Patients/Synthetic_Patient5/SigProfiler/sigprofilercnvmatrixgenerator.log
    jobid: 12
    reason: Input files updated by another job: /home/user/MARTA/LABO/PULPO/PULPO_v2.0_Bioinformatics_Synthetic/results/CNVs/Patients/Synthetic_Patient5/SigProfiler/data/SigProfilerCNVdf.tsv
    wildcards: anonymised=Synthetic_Patient5
    resources: tmpdir=/tmp

[Tue Nov 25 12:45:53 2025]
Finished job 10.
20 of 24 steps (83%) done
[Tue Nov 25 12:45:53 2025]
Finished job 12.
21 of 24 steps (88%) done
Select jobs to execute...

[Tue Nov 25 12:45:53 2025]
rule mergepatientcnvs:
    input: /home/user/MARTA/LABO/PULPO/PULPO_v2.0_Bioinformatics_Synthetic/results/CNVs/Patients/Synthetic_Patient1/SigProfiler/results/MatrixGenerator/Synthetic_Patient1.CNV48.matrix.tsv, /home/user/MARTA/LABO/PULPO/PULPO_v2.0_Bioinformatics_Synthetic/results/CNVs/Patients/Synthetic_Patient2/SigProfiler/results/MatrixGenerator/Synthetic_Patient2.CNV48.matrix.tsv, /home/user/MARTA/LABO/PULPO/PULPO_v2.0_Bioinformatics_Synthetic/results/CNVs/Patients/Synthetic_Patient3/SigProfiler/results/MatrixGenerator/Synthetic_Patient3.CNV48.matrix.tsv, /home/user/MARTA/LABO/PULPO/PULPO_v2.0_Bioinformatics_Synthetic/results/CNVs/Patients/Synthetic_Patient4/SigProfiler/results/MatrixGenerator/Synthetic_Patient4.CNV48.matrix.tsv, /home/user/MARTA/LABO/PULPO/PULPO_v2.0_Bioinformatics_Synthetic/results/CNVs/Patients/Synthetic_Patient5/SigProfiler/results/MatrixGenerator/Synthetic_Patient5.CNV48.matrix.tsv, /home/user/MARTA/LABO/PULPO/PULPO_v2.0_Bioinformatics_Synthetic/results/CNVs/Patients/Synthetic_Patient6/SigProfiler/results/MatrixGenerator/Synthetic_Patient6.CNV48.matrix.tsv, /home/user/MARTA/LABO/PULPO/PULPO_v2.0_Bioinformatics_Synthetic/results/CNVs/Patients/Synthetic_Patient7/SigProfiler/results/MatrixGenerator/Synthetic_Patient7.CNV48.matrix.tsv, /home/user/MARTA/LABO/PULPO/PULPO_v2.0_Bioinformatics_Synthetic/results/CNVs/Patients/Synthetic_Patient8/SigProfiler/results/MatrixGenerator/Synthetic_Patient8.CNV48.matrix.tsv, /home/user/MARTA/LABO/PULPO/PULPO_v2.0_Bioinformatics_Synthetic/results/CNVs/Patients/Synthetic_Patient9/SigProfiler/results/MatrixGenerator/Synthetic_Patient9.CNV48.matrix.tsv, /home/user/MARTA/LABO/PULPO/PULPO_v2.0_Bioinformatics_Synthetic/results/CNVs/Patients/Synthetic_Patient10/SigProfiler/results/MatrixGenerator/Synthetic_Patient10.CNV48.matrix.tsv, /home/user/MARTA/LABO/PULPO/PULPO_v2.0_Bioinformatics_Synthetic/logs/CNVs/Patients/Synthetic_Patient1/SigProfiler/sigprofilercnvmatrixgenerator.log, /home/user/MARTA/LABO/PULPO/PULPO_v2.0_Bioinformatics_Synthetic/logs/CNVs/Patients/Synthetic_Patient2/SigProfiler/sigprofilercnvmatrixgenerator.log, /home/user/MARTA/LABO/PULPO/PULPO_v2.0_Bioinformatics_Synthetic/logs/CNVs/Patients/Synthetic_Patient3/SigProfiler/sigprofilercnvmatrixgenerator.log, /home/user/MARTA/LABO/PULPO/PULPO_v2.0_Bioinformatics_Synthetic/logs/CNVs/Patients/Synthetic_Patient4/SigProfiler/sigprofilercnvmatrixgenerator.log, /home/user/MARTA/LABO/PULPO/PULPO_v2.0_Bioinformatics_Synthetic/logs/CNVs/Patients/Synthetic_Patient5/SigProfiler/sigprofilercnvmatrixgenerator.log, /home/user/MARTA/LABO/PULPO/PULPO_v2.0_Bioinformatics_Synthetic/logs/CNVs/Patients/Synthetic_Patient6/SigProfiler/sigprofilercnvmatrixgenerator.log, /home/user/MARTA/LABO/PULPO/PULPO_v2.0_Bioinformatics_Synthetic/logs/CNVs/Patients/Synthetic_Patient7/SigProfiler/sigprofilercnvmatrixgenerator.log, /home/user/MARTA/LABO/PULPO/PULPO_v2.0_Bioinformatics_Synthetic/logs/CNVs/Patients/Synthetic_Patient8/SigProfiler/sigprofilercnvmatrixgenerator.log, /home/user/MARTA/LABO/PULPO/PULPO_v2.0_Bioinformatics_Synthetic/logs/CNVs/Patients/Synthetic_Patient9/SigProfiler/sigprofilercnvmatrixgenerator.log, /home/user/MARTA/LABO/PULPO/PULPO_v2.0_Bioinformatics_Synthetic/logs/CNVs/Patients/Synthetic_Patient10/SigProfiler/sigprofilercnvmatrixgenerator.log
    output: /home/user/MARTA/LABO/PULPO/PULPO_v2.0_Bioinformatics_Synthetic/results/CNVs/Cohort/SigProfiler/MatrixGenerator/Cohort.CNV48.matrix.tsv
    log: /home/user/MARTA/LABO/PULPO/PULPO_v2.0_Bioinformatics_Synthetic/logs/CNVs/Cohort/mergepatients/mergepatientscnvs.log
    jobid: 2
    reason: Input files updated by another job: /home/user/MARTA/LABO/PULPO/PULPO_v2.0_Bioinformatics_Synthetic/logs/CNVs/Patients/Synthetic_Patient1/SigProfiler/sigprofilercnvmatrixgenerator.log, /home/user/MARTA/LABO/PULPO/PULPO_v2.0_Bioinformatics_Synthetic/logs/CNVs/Patients/Synthetic_Patient3/SigProfiler/sigprofilercnvmatrixgenerator.log, /home/user/MARTA/LABO/PULPO/PULPO_v2.0_Bioinformatics_Synthetic/logs/CNVs/Patients/Synthetic_Patient7/SigProfiler/sigprofilercnvmatrixgenerator.log, /home/user/MARTA/LABO/PULPO/PULPO_v2.0_Bioinformatics_Synthetic/results/CNVs/Patients/Synthetic_Patient5/SigProfiler/results/MatrixGenerator/Synthetic_Patient5.CNV48.matrix.tsv, /home/user/MARTA/LABO/PULPO/PULPO_v2.0_Bioinformatics_Synthetic/results/CNVs/Patients/Synthetic_Patient1/SigProfiler/results/MatrixGenerator/Synthetic_Patient1.CNV48.matrix.tsv, /home/user/MARTA/LABO/PULPO/PULPO_v2.0_Bioinformatics_Synthetic/logs/CNVs/Patients/Synthetic_Patient8/SigProfiler/sigprofilercnvmatrixgenerator.log, /home/user/MARTA/LABO/PULPO/PULPO_v2.0_Bioinformatics_Synthetic/results/CNVs/Patients/Synthetic_Patient9/SigProfiler/results/MatrixGenerator/Synthetic_Patient9.CNV48.matrix.tsv, /home/user/MARTA/LABO/PULPO/PULPO_v2.0_Bioinformatics_Synthetic/logs/CNVs/Patients/Synthetic_Patient10/SigProfiler/sigprofilercnvmatrixgenerator.log, /home/user/MARTA/LABO/PULPO/PULPO_v2.0_Bioinformatics_Synthetic/logs/CNVs/Patients/Synthetic_Patient4/SigProfiler/sigprofilercnvmatrixgenerator.log, /home/user/MARTA/LABO/PULPO/PULPO_v2.0_Bioinformatics_Synthetic/logs/CNVs/Patients/Synthetic_Patient9/SigProfiler/sigprofilercnvmatrixgenerator.log, /home/user/MARTA/LABO/PULPO/PULPO_v2.0_Bioinformatics_Synthetic/logs/CNVs/Patients/Synthetic_Patient6/SigProfiler/sigprofilercnvmatrixgenerator.log, /home/user/MARTA/LABO/PULPO/PULPO_v2.0_Bioinformatics_Synthetic/results/CNVs/Patients/Synthetic_Patient3/SigProfiler/results/MatrixGenerator/Synthetic_Patient3.CNV48.matrix.tsv, /home/user/MARTA/LABO/PULPO/PULPO_v2.0_Bioinformatics_Synthetic/results/CNVs/Patients/Synthetic_Patient2/SigProfiler/results/MatrixGenerator/Synthetic_Patient2.CNV48.matrix.tsv, /home/user/MARTA/LABO/PULPO/PULPO_v2.0_Bioinformatics_Synthetic/results/CNVs/Patients/Synthetic_Patient4/SigProfiler/results/MatrixGenerator/Synthetic_Patient4.CNV48.matrix.tsv, /home/user/MARTA/LABO/PULPO/PULPO_v2.0_Bioinformatics_Synthetic/results/CNVs/Patients/Synthetic_Patient6/SigProfiler/results/MatrixGenerator/Synthetic_Patient6.CNV48.matrix.tsv, /home/user/MARTA/LABO/PULPO/PULPO_v2.0_Bioinformatics_Synthetic/results/CNVs/Patients/Synthetic_Patient7/SigProfiler/results/MatrixGenerator/Synthetic_Patient7.CNV48.matrix.tsv, /home/user/MARTA/LABO/PULPO/PULPO_v2.0_Bioinformatics_Synthetic/results/CNVs/Patients/Synthetic_Patient10/SigProfiler/results/MatrixGenerator/Synthetic_Patient10.CNV48.matrix.tsv, /home/user/MARTA/LABO/PULPO/PULPO_v2.0_Bioinformatics_Synthetic/logs/CNVs/Patients/Synthetic_Patient5/SigProfiler/sigprofilercnvmatrixgenerator.log, /home/user/MARTA/LABO/PULPO/PULPO_v2.0_Bioinformatics_Synthetic/results/CNVs/Patients/Synthetic_Patient8/SigProfiler/results/MatrixGenerator/Synthetic_Patient8.CNV48.matrix.tsv, /home/user/MARTA/LABO/PULPO/PULPO_v2.0_Bioinformatics_Synthetic/logs/CNVs/Patients/Synthetic_Patient2/SigProfiler/sigprofilercnvmatrixgenerator.log
    resources: tmpdir=/tmp

[Tue Nov 25 12:45:54 2025]
Finished job 2.
22 of 24 steps (92%) done
Select jobs to execute...

[Tue Nov 25 12:45:54 2025]
rule sigprofilerextractorcnvscohort:
    input: /home/user/MARTA/LABO/PULPO/PULPO_v2.0_Bioinformatics_Synthetic/results/CNVs/Cohort/SigProfiler/MatrixGenerator/Cohort.CNV48.matrix.tsv
    output: /home/user/MARTA/LABO/PULPO/PULPO_v2.0_Bioinformatics_Synthetic/results/CNVs/Cohort/SigProfiler/Extractor, /home/user/MARTA/LABO/PULPO/PULPO_v2.0_Bioinformatics_Synthetic/results/CNVs/Cohort/SigProfiler/Extractor/CNV48/All_solutions_stat.csv, /home/user/MARTA/LABO/PULPO/PULPO_v2.0_Bioinformatics_Synthetic/results/CNVs/Cohort/SigProfiler/Extractor/CNV48/Suggested_Solution/COSMIC_CNV48_Decomposed_Solution/Activities/COSMIC_CNV48_Activities.txt
    log: /home/user/MARTA/LABO/PULPO/PULPO_v2.0_Bioinformatics_Synthetic/logs/CNVs/Cohort/SigProfiler/sigprofilercnvextractorcnvscohort.log
    jobid: 1
    benchmark: /home/user/MARTA/LABO/PULPO/PULPO_v2.0_Bioinformatics_Synthetic/logs/benchmarks/cnvscohortsigprofiler_benchmark.txt
    reason: Input files updated by another job: /home/user/MARTA/LABO/PULPO/PULPO_v2.0_Bioinformatics_Synthetic/results/CNVs/Cohort/SigProfiler/MatrixGenerator/Cohort.CNV48.matrix.tsv
    resources: tmpdir=/tmp, mem_mb=64000, mem_mib=61036, threads=6

[Tue Nov 25 12:58:26 2025]
Finished job 1.
23 of 24 steps (96%) done
Select jobs to execute...

[Tue Nov 25 12:58:26 2025]
rule spiralize_cnvs:
    input: /home/user/MARTA/LABO/PULPO/PULPO_v2.0_Bioinformatics_Synthetic/results/CNVs/Cohort/SigProfiler/Extractor/CNV48/Suggested_Solution/COSMIC_CNV48_Decomposed_Solution/Activities/COSMIC_CNV48_Activities.txt
    output: /home/user/MARTA/LABO/PULPO/PULPO_v2.0_Bioinformatics_Synthetic/results/CNVs/Cohort/SigProfiler/COSMIC_CNV48_Activities_CNV_spiral.svg, /home/user/MARTA/LABO/PULPO/PULPO_v2.0_Bioinformatics_Synthetic/results/CNVs/Cohort/SigProfiler/COSMIC_CNV48_Activities_CNV_spiral.pdf
    log: /home/user/MARTA/LABO/PULPO/PULPO_v2.0_Bioinformatics_Synthetic/logs/CNVs/Cohort/spiralize_CNVs.log
    jobid: 0
    reason: Input files updated by another job: /home/user/MARTA/LABO/PULPO/PULPO_v2.0_Bioinformatics_Synthetic/results/CNVs/Cohort/SigProfiler/Extractor/CNV48/Suggested_Solution/COSMIC_CNV48_Decomposed_Solution/Activities/COSMIC_CNV48_Activities.txt
    resources: tmpdir=/tmp, mem_mb=16000, mem_mib=15259, threads=2

[Tue Nov 25 12:58:27 2025]
Error in rule spiralize_cnvs:
    jobid: 0
    input: /home/user/MARTA/LABO/PULPO/PULPO_v2.0_Bioinformatics_Synthetic/results/CNVs/Cohort/SigProfiler/Extractor/CNV48/Suggested_Solution/COSMIC_CNV48_Decomposed_Solution/Activities/COSMIC_CNV48_Activities.txt
    output: /home/user/MARTA/LABO/PULPO/PULPO_v2.0_Bioinformatics_Synthetic/results/CNVs/Cohort/SigProfiler/COSMIC_CNV48_Activities_CNV_spiral.svg, /home/user/MARTA/LABO/PULPO/PULPO_v2.0_Bioinformatics_Synthetic/results/CNVs/Cohort/SigProfiler/COSMIC_CNV48_Activities_CNV_spiral.pdf
    log: /home/user/MARTA/LABO/PULPO/PULPO_v2.0_Bioinformatics_Synthetic/logs/CNVs/Cohort/spiralize_CNVs.log (check log file(s) for error details)
    shell:
        Rscript /home/user/MARTA/LABO/PULPO/PULPO_v2.0_Bioinformatics_Synthetic/scripts/spiralize.R /home/user/MARTA/LABO/PULPO/PULPO_v2.0_Bioinformatics_Synthetic/results/CNVs/Cohort/SigProfiler/Extractor/CNV48/Suggested_Solution/COSMIC_CNV48_Decomposed_Solution/Activities/COSMIC_CNV48_Activities.txt CNV /home/user/MARTA/LABO/PULPO/PULPO_v2.0_Bioinformatics_Synthetic/results/CNVs/Cohort/SigProfiler/COSMIC_CNV48_Activities_CNV_spiral.svg /home/user/MARTA/LABO/PULPO/PULPO_v2.0_Bioinformatics_Synthetic/results/CNVs/Cohort/SigProfiler/COSMIC_CNV48_Activities_CNV_spiral.pdf > /home/user/MARTA/LABO/PULPO/PULPO_v2.0_Bioinformatics_Synthetic/logs/CNVs/Cohort/spiralize_CNVs.log 2>&1
        (one of the commands exited with non-zero exit code; note that snakemake uses bash strict mode!)

Removing output files of failed job spiralize_cnvs since they might be corrupted:
/home/user/MARTA/LABO/PULPO/PULPO_v2.0_Bioinformatics_Synthetic/results/CNVs/Cohort/SigProfiler/COSMIC_CNV48_Activities_CNV_spiral.svg
Shutting down, this might take some time.
Exiting because a job execution failed. Look above for error message
Complete log: .snakemake/log/2025-11-25T124455.738404.snakemake.log
