Building DAG of jobs...
Using shell: /usr/bin/bash
Provided cores: 2
Rules claiming more threads will be scaled down.
Job stats:
job                               count
------------------------------  -------
all                                   1
check_svs                            10
decompressOGM                         1
drews                                 1
format_cnvs                          20
mergepatientcnvs                      1
mergepatients                         1
ogm_cnv_to_sigprofiler_data          10
sigprofilerextractor                 10
sigprofilerextractorcnv              10
sigprofilerextractorcnvscohort        1
sigprofilerextractorcohort            1
sigprofilermatrixgenerator           10
sigprofilermatrixgeneratorcnv        10
smap_to_sigprofiler                  10
spiralize_cnvs                        1
spiralize_svs                         1
tao                                   1
total                               100

Select jobs to execute...

[Tue Nov 25 09:49:38 2025]
rule decompressOGM:
    input: /home/user/MARTA/LABO/PULPO/PULPO_v2.0_Bioinformatics_Synthetic/DATA, /home/user/MARTA/LABO/PULPO/PULPO_v2.0_Bioinformatics_Synthetic, /home/user/MARTA/LABO/PULPO/PULPO_v2.0_Bioinformatics_Synthetic/config/samples_synthetic.tsv
    output: /home/user/MARTA/LABO/PULPO/PULPO_v2.0_Bioinformatics_Synthetic/results/DATA/Patients/1/OGMdata/.done, /home/user/MARTA/LABO/PULPO/PULPO_v2.0_Bioinformatics_Synthetic/results/DATA/Patients/2/OGMdata/.done, /home/user/MARTA/LABO/PULPO/PULPO_v2.0_Bioinformatics_Synthetic/results/DATA/Patients/3/OGMdata/.done, /home/user/MARTA/LABO/PULPO/PULPO_v2.0_Bioinformatics_Synthetic/results/DATA/Patients/4/OGMdata/.done, /home/user/MARTA/LABO/PULPO/PULPO_v2.0_Bioinformatics_Synthetic/results/DATA/Patients/5/OGMdata/.done, /home/user/MARTA/LABO/PULPO/PULPO_v2.0_Bioinformatics_Synthetic/results/DATA/Patients/6/OGMdata/.done, /home/user/MARTA/LABO/PULPO/PULPO_v2.0_Bioinformatics_Synthetic/results/DATA/Patients/7/OGMdata/.done, /home/user/MARTA/LABO/PULPO/PULPO_v2.0_Bioinformatics_Synthetic/results/DATA/Patients/8/OGMdata/.done, /home/user/MARTA/LABO/PULPO/PULPO_v2.0_Bioinformatics_Synthetic/results/DATA/Patients/9/OGMdata/.done, /home/user/MARTA/LABO/PULPO/PULPO_v2.0_Bioinformatics_Synthetic/results/DATA/Patients/10/OGMdata/.done
    log: /home/user/MARTA/LABO/PULPO/PULPO_v2.0_Bioinformatics_Synthetic/logs/DATA/decompressOGM/descompress.log
    jobid: 2
    reason: Missing output files: /home/user/MARTA/LABO/PULPO/PULPO_v2.0_Bioinformatics_Synthetic/results/DATA/Patients/4/OGMdata/.done, /home/user/MARTA/LABO/PULPO/PULPO_v2.0_Bioinformatics_Synthetic/results/DATA/Patients/3/OGMdata/.done, /home/user/MARTA/LABO/PULPO/PULPO_v2.0_Bioinformatics_Synthetic/results/DATA/Patients/1/OGMdata/.done, /home/user/MARTA/LABO/PULPO/PULPO_v2.0_Bioinformatics_Synthetic/results/DATA/Patients/2/OGMdata/.done, /home/user/MARTA/LABO/PULPO/PULPO_v2.0_Bioinformatics_Synthetic/results/DATA/Patients/10/OGMdata/.done, /home/user/MARTA/LABO/PULPO/PULPO_v2.0_Bioinformatics_Synthetic/results/DATA/Patients/6/OGMdata/.done, /home/user/MARTA/LABO/PULPO/PULPO_v2.0_Bioinformatics_Synthetic/results/DATA/Patients/9/OGMdata/.done, /home/user/MARTA/LABO/PULPO/PULPO_v2.0_Bioinformatics_Synthetic/results/DATA/Patients/5/OGMdata/.done, /home/user/MARTA/LABO/PULPO/PULPO_v2.0_Bioinformatics_Synthetic/results/DATA/Patients/7/OGMdata/.done, /home/user/MARTA/LABO/PULPO/PULPO_v2.0_Bioinformatics_Synthetic/results/DATA/Patients/8/OGMdata/.done
    resources: tmpdir=/tmp

[Tue Nov 25 09:49:39 2025]
Finished job 2.
1 of 100 steps (1%) done
Select jobs to execute...

[Tue Nov 25 09:49:39 2025]
rule format_cnvs:
    input: /home/user/MARTA/LABO/PULPO/PULPO_v2.0_Bioinformatics_Synthetic/results/DATA/Patients/1/OGMdata/.done
    output: /home/user/MARTA/LABO/PULPO/PULPO_v2.0_Bioinformatics_Synthetic/results/CNVs/Patients/1/tao/taoformatted.tsv
    log: /home/user/MARTA/LABO/PULPO/PULPO_v2.0_Bioinformatics_Synthetic/logs/CNVs/Patients/1/tao/format_cnvs.log
    jobid: 79
    reason: Missing output files: /home/user/MARTA/LABO/PULPO/PULPO_v2.0_Bioinformatics_Synthetic/results/CNVs/Patients/1/tao/taoformatted.tsv; Input files updated by another job: /home/user/MARTA/LABO/PULPO/PULPO_v2.0_Bioinformatics_Synthetic/results/DATA/Patients/1/OGMdata/.done
    wildcards: anonymised=1, method=tao
    resources: tmpdir=/tmp


[Tue Nov 25 09:49:39 2025]
rule format_cnvs:
    input: /home/user/MARTA/LABO/PULPO/PULPO_v2.0_Bioinformatics_Synthetic/results/DATA/Patients/8/OGMdata/.done
    output: /home/user/MARTA/LABO/PULPO/PULPO_v2.0_Bioinformatics_Synthetic/results/CNVs/Patients/8/tao/taoformatted.tsv
    log: /home/user/MARTA/LABO/PULPO/PULPO_v2.0_Bioinformatics_Synthetic/logs/CNVs/Patients/8/tao/format_cnvs.log
    jobid: 93
    reason: Missing output files: /home/user/MARTA/LABO/PULPO/PULPO_v2.0_Bioinformatics_Synthetic/results/CNVs/Patients/8/tao/taoformatted.tsv; Input files updated by another job: /home/user/MARTA/LABO/PULPO/PULPO_v2.0_Bioinformatics_Synthetic/results/DATA/Patients/8/OGMdata/.done
    wildcards: anonymised=8, method=tao
    resources: tmpdir=/tmp

[Tue Nov 25 09:49:39 2025]
Finished job 79.
2 of 100 steps (2%) done
[Tue Nov 25 09:49:39 2025]
Finished job 93.
3 of 100 steps (3%) done
Select jobs to execute...

[Tue Nov 25 09:49:40 2025]
rule ogm_cnv_to_sigprofiler_data:
    input: /home/user/MARTA/LABO/PULPO/PULPO_v2.0_Bioinformatics_Synthetic/results/DATA/Patients/5/OGMdata/.done
    output: /home/user/MARTA/LABO/PULPO/PULPO_v2.0_Bioinformatics_Synthetic/results/CNVs/Patients/5/SigProfiler/data/SigProfilerCNVdf.tsv
    log: /home/user/MARTA/LABO/PULPO/PULPO_v2.0_Bioinformatics_Synthetic/logs/CNVs/Patients/5/SigProfiler/ogm_cnv_to_sigprofiler.log
    jobid: 49
    reason: Missing output files: /home/user/MARTA/LABO/PULPO/PULPO_v2.0_Bioinformatics_Synthetic/results/CNVs/Patients/5/SigProfiler/data/SigProfilerCNVdf.tsv; Input files updated by another job: /home/user/MARTA/LABO/PULPO/PULPO_v2.0_Bioinformatics_Synthetic/results/DATA/Patients/5/OGMdata/.done
    wildcards: anonymised=5
    resources: tmpdir=/tmp

[Tue Nov 25 09:49:40 2025]
rule check_svs:
    input: /home/user/MARTA/LABO/PULPO/PULPO_v2.0_Bioinformatics_Synthetic/results/DATA/Patients/9/OGMdata/.done
    output: /home/user/MARTA/LABO/PULPO/PULPO_v2.0_Bioinformatics_Synthetic/results/SVs/Patients/9/Check/check_svs_done.txt
    log: /home/user/MARTA/LABO/PULPO/PULPO_v2.0_Bioinformatics_Synthetic/logs/SVs/Patients/9/Check/check_svs.log
    jobid: 10
    reason: Missing output files: /home/user/MARTA/LABO/PULPO/PULPO_v2.0_Bioinformatics_Synthetic/results/SVs/Patients/9/Check/check_svs_done.txt; Input files updated by another job: /home/user/MARTA/LABO/PULPO/PULPO_v2.0_Bioinformatics_Synthetic/results/DATA/Patients/9/OGMdata/.done
    wildcards: anonymised=9
    resources: tmpdir=/tmp

Select jobs to execute...
[Tue Nov 25 09:49:40 2025]
Finished job 10.
4 of 100 steps (4%) done

[Tue Nov 25 09:49:40 2025]
rule ogm_cnv_to_sigprofiler_data:
    input: /home/user/MARTA/LABO/PULPO/PULPO_v2.0_Bioinformatics_Synthetic/results/DATA/Patients/3/OGMdata/.done
    output: /home/user/MARTA/LABO/PULPO/PULPO_v2.0_Bioinformatics_Synthetic/results/CNVs/Patients/3/SigProfiler/data/SigProfilerCNVdf.tsv
    log: /home/user/MARTA/LABO/PULPO/PULPO_v2.0_Bioinformatics_Synthetic/logs/CNVs/Patients/3/SigProfiler/ogm_cnv_to_sigprofiler.log
    jobid: 47
    reason: Missing output files: /home/user/MARTA/LABO/PULPO/PULPO_v2.0_Bioinformatics_Synthetic/results/CNVs/Patients/3/SigProfiler/data/SigProfilerCNVdf.tsv; Input files updated by another job: /home/user/MARTA/LABO/PULPO/PULPO_v2.0_Bioinformatics_Synthetic/results/DATA/Patients/3/OGMdata/.done
    wildcards: anonymised=3
    resources: tmpdir=/tmp

[Tue Nov 25 09:49:42 2025]
Finished job 49.
5 of 100 steps (5%) done
Select jobs to execute...

[Tue Nov 25 09:49:42 2025]
rule smap_to_sigprofiler:
    input: /home/user/MARTA/LABO/PULPO/PULPO_v2.0_Bioinformatics_Synthetic/results/DATA/Patients/6/OGMdata/.done
    output: /home/user/MARTA/LABO/PULPO/PULPO_v2.0_Bioinformatics_Synthetic/results/SVs/Patients/6/SigProfiler/data/SigProfilerSVdf.bedpe
    log: /home/user/MARTA/LABO/PULPO/PULPO_v2.0_Bioinformatics_Synthetic/logs/SVs/Patients/6/SigProfiler/smap_to_sigprofiler.log
    jobid: 17
    reason: Missing output files: /home/user/MARTA/LABO/PULPO/PULPO_v2.0_Bioinformatics_Synthetic/results/SVs/Patients/6/SigProfiler/data/SigProfilerSVdf.bedpe; Input files updated by another job: /home/user/MARTA/LABO/PULPO/PULPO_v2.0_Bioinformatics_Synthetic/results/DATA/Patients/6/OGMdata/.done
    wildcards: anonymised=6
    resources: tmpdir=/tmp

[Tue Nov 25 09:49:42 2025]
Finished job 47.
6 of 100 steps (6%) done
Select jobs to execute...

[Tue Nov 25 09:49:42 2025]
rule format_cnvs:
    input: /home/user/MARTA/LABO/PULPO/PULPO_v2.0_Bioinformatics_Synthetic/results/DATA/Patients/4/OGMdata/.done
    output: /home/user/MARTA/LABO/PULPO/PULPO_v2.0_Bioinformatics_Synthetic/results/CNVs/Patients/4/tao/taoformatted.tsv
    log: /home/user/MARTA/LABO/PULPO/PULPO_v2.0_Bioinformatics_Synthetic/logs/CNVs/Patients/4/tao/format_cnvs.log
    jobid: 85
    reason: Missing output files: /home/user/MARTA/LABO/PULPO/PULPO_v2.0_Bioinformatics_Synthetic/results/CNVs/Patients/4/tao/taoformatted.tsv; Input files updated by another job: /home/user/MARTA/LABO/PULPO/PULPO_v2.0_Bioinformatics_Synthetic/results/DATA/Patients/4/OGMdata/.done
    wildcards: anonymised=4, method=tao
    resources: tmpdir=/tmp

[Tue Nov 25 09:49:42 2025]
Finished job 17.
7 of 100 steps (7%) done
Select jobs to execute...

[Tue Nov 25 09:49:42 2025]
rule smap_to_sigprofiler:
    input: /home/user/MARTA/LABO/PULPO/PULPO_v2.0_Bioinformatics_Synthetic/results/DATA/Patients/7/OGMdata/.done
    output: /home/user/MARTA/LABO/PULPO/PULPO_v2.0_Bioinformatics_Synthetic/results/SVs/Patients/7/SigProfiler/data/SigProfilerSVdf.bedpe
    log: /home/user/MARTA/LABO/PULPO/PULPO_v2.0_Bioinformatics_Synthetic/logs/SVs/Patients/7/SigProfiler/smap_to_sigprofiler.log
    jobid: 18
    reason: Missing output files: /home/user/MARTA/LABO/PULPO/PULPO_v2.0_Bioinformatics_Synthetic/results/SVs/Patients/7/SigProfiler/data/SigProfilerSVdf.bedpe; Input files updated by another job: /home/user/MARTA/LABO/PULPO/PULPO_v2.0_Bioinformatics_Synthetic/results/DATA/Patients/7/OGMdata/.done
    wildcards: anonymised=7
    resources: tmpdir=/tmp

[Tue Nov 25 09:49:43 2025]
Finished job 85.
8 of 100 steps (8%) done
Select jobs to execute...

[Tue Nov 25 09:49:43 2025]
rule format_cnvs:
    input: /home/user/MARTA/LABO/PULPO/PULPO_v2.0_Bioinformatics_Synthetic/results/DATA/Patients/1/OGMdata/.done
    output: /home/user/MARTA/LABO/PULPO/PULPO_v2.0_Bioinformatics_Synthetic/results/CNVs/Patients/1/drews/drewsformatted.tsv
    log: /home/user/MARTA/LABO/PULPO/PULPO_v2.0_Bioinformatics_Synthetic/logs/CNVs/Patients/1/drews/format_cnvs.log
    jobid: 78
    reason: Missing output files: /home/user/MARTA/LABO/PULPO/PULPO_v2.0_Bioinformatics_Synthetic/results/CNVs/Patients/1/drews/drewsformatted.tsv; Input files updated by another job: /home/user/MARTA/LABO/PULPO/PULPO_v2.0_Bioinformatics_Synthetic/results/DATA/Patients/1/OGMdata/.done
    wildcards: anonymised=1, method=drews
    resources: tmpdir=/tmp

[Tue Nov 25 09:49:43 2025]
Finished job 18.
9 of 100 steps (9%) done
Select jobs to execute...

[Tue Nov 25 09:49:43 2025]
rule format_cnvs:
    input: /home/user/MARTA/LABO/PULPO/PULPO_v2.0_Bioinformatics_Synthetic/results/DATA/Patients/8/OGMdata/.done
    output: /home/user/MARTA/LABO/PULPO/PULPO_v2.0_Bioinformatics_Synthetic/results/CNVs/Patients/8/drews/drewsformatted.tsv
    log: /home/user/MARTA/LABO/PULPO/PULPO_v2.0_Bioinformatics_Synthetic/logs/CNVs/Patients/8/drews/format_cnvs.log
    jobid: 92
    reason: Missing output files: /home/user/MARTA/LABO/PULPO/PULPO_v2.0_Bioinformatics_Synthetic/results/CNVs/Patients/8/drews/drewsformatted.tsv; Input files updated by another job: /home/user/MARTA/LABO/PULPO/PULPO_v2.0_Bioinformatics_Synthetic/results/DATA/Patients/8/OGMdata/.done
    wildcards: anonymised=8, method=drews
    resources: tmpdir=/tmp

[Tue Nov 25 09:49:44 2025]
Finished job 78.
10 of 100 steps (10%) done
Select jobs to execute...

[Tue Nov 25 09:49:44 2025]
rule ogm_cnv_to_sigprofiler_data:
    input: /home/user/MARTA/LABO/PULPO/PULPO_v2.0_Bioinformatics_Synthetic/results/DATA/Patients/10/OGMdata/.done
    output: /home/user/MARTA/LABO/PULPO/PULPO_v2.0_Bioinformatics_Synthetic/results/CNVs/Patients/10/SigProfiler/data/SigProfilerCNVdf.tsv
    log: /home/user/MARTA/LABO/PULPO/PULPO_v2.0_Bioinformatics_Synthetic/logs/CNVs/Patients/10/SigProfiler/ogm_cnv_to_sigprofiler.log
    jobid: 54
    reason: Missing output files: /home/user/MARTA/LABO/PULPO/PULPO_v2.0_Bioinformatics_Synthetic/results/CNVs/Patients/10/SigProfiler/data/SigProfilerCNVdf.tsv; Input files updated by another job: /home/user/MARTA/LABO/PULPO/PULPO_v2.0_Bioinformatics_Synthetic/results/DATA/Patients/10/OGMdata/.done
    wildcards: anonymised=10
    resources: tmpdir=/tmp

[Tue Nov 25 09:49:44 2025]
Finished job 92.
11 of 100 steps (11%) done
Select jobs to execute...

[Tue Nov 25 09:49:44 2025]
rule check_svs:
    input: /home/user/MARTA/LABO/PULPO/PULPO_v2.0_Bioinformatics_Synthetic/results/DATA/Patients/2/OGMdata/.done
    output: /home/user/MARTA/LABO/PULPO/PULPO_v2.0_Bioinformatics_Synthetic/results/SVs/Patients/2/Check/check_svs_done.txt
    log: /home/user/MARTA/LABO/PULPO/PULPO_v2.0_Bioinformatics_Synthetic/logs/SVs/Patients/2/Check/check_svs.log
    jobid: 3
    reason: Missing output files: /home/user/MARTA/LABO/PULPO/PULPO_v2.0_Bioinformatics_Synthetic/results/SVs/Patients/2/Check/check_svs_done.txt; Input files updated by another job: /home/user/MARTA/LABO/PULPO/PULPO_v2.0_Bioinformatics_Synthetic/results/DATA/Patients/2/OGMdata/.done
    wildcards: anonymised=2
    resources: tmpdir=/tmp

[Tue Nov 25 09:49:44 2025]
Finished job 3.
12 of 100 steps (12%) done
Select jobs to execute...

[Tue Nov 25 09:49:44 2025]
rule check_svs:
    input: /home/user/MARTA/LABO/PULPO/PULPO_v2.0_Bioinformatics_Synthetic/results/DATA/Patients/8/OGMdata/.done
    output: /home/user/MARTA/LABO/PULPO/PULPO_v2.0_Bioinformatics_Synthetic/results/SVs/Patients/8/Check/check_svs_done.txt
    log: /home/user/MARTA/LABO/PULPO/PULPO_v2.0_Bioinformatics_Synthetic/logs/SVs/Patients/8/Check/check_svs.log
    jobid: 9
    reason: Missing output files: /home/user/MARTA/LABO/PULPO/PULPO_v2.0_Bioinformatics_Synthetic/results/SVs/Patients/8/Check/check_svs_done.txt; Input files updated by another job: /home/user/MARTA/LABO/PULPO/PULPO_v2.0_Bioinformatics_Synthetic/results/DATA/Patients/8/OGMdata/.done
    wildcards: anonymised=8
    resources: tmpdir=/tmp

[Tue Nov 25 09:49:44 2025]
Finished job 9.
13 of 100 steps (13%) done
Select jobs to execute...

[Tue Nov 25 09:49:44 2025]
rule ogm_cnv_to_sigprofiler_data:
    input: /home/user/MARTA/LABO/PULPO/PULPO_v2.0_Bioinformatics_Synthetic/results/DATA/Patients/4/OGMdata/.done
    output: /home/user/MARTA/LABO/PULPO/PULPO_v2.0_Bioinformatics_Synthetic/results/CNVs/Patients/4/SigProfiler/data/SigProfilerCNVdf.tsv
    log: /home/user/MARTA/LABO/PULPO/PULPO_v2.0_Bioinformatics_Synthetic/logs/CNVs/Patients/4/SigProfiler/ogm_cnv_to_sigprofiler.log
    jobid: 48
    reason: Missing output files: /home/user/MARTA/LABO/PULPO/PULPO_v2.0_Bioinformatics_Synthetic/results/CNVs/Patients/4/SigProfiler/data/SigProfilerCNVdf.tsv; Input files updated by another job: /home/user/MARTA/LABO/PULPO/PULPO_v2.0_Bioinformatics_Synthetic/results/DATA/Patients/4/OGMdata/.done
    wildcards: anonymised=4
    resources: tmpdir=/tmp

[Tue Nov 25 09:49:46 2025]
Finished job 54.
14 of 100 steps (14%) done
Select jobs to execute...

[Tue Nov 25 09:49:46 2025]
rule format_cnvs:
    input: /home/user/MARTA/LABO/PULPO/PULPO_v2.0_Bioinformatics_Synthetic/results/DATA/Patients/5/OGMdata/.done
    output: /home/user/MARTA/LABO/PULPO/PULPO_v2.0_Bioinformatics_Synthetic/results/CNVs/Patients/5/drews/drewsformatted.tsv
    log: /home/user/MARTA/LABO/PULPO/PULPO_v2.0_Bioinformatics_Synthetic/logs/CNVs/Patients/5/drews/format_cnvs.log
    jobid: 86
    reason: Missing output files: /home/user/MARTA/LABO/PULPO/PULPO_v2.0_Bioinformatics_Synthetic/results/CNVs/Patients/5/drews/drewsformatted.tsv; Input files updated by another job: /home/user/MARTA/LABO/PULPO/PULPO_v2.0_Bioinformatics_Synthetic/results/DATA/Patients/5/OGMdata/.done
    wildcards: anonymised=5, method=drews
    resources: tmpdir=/tmp

[Tue Nov 25 09:49:47 2025]
Finished job 48.
15 of 100 steps (15%) done
Select jobs to execute...

[Tue Nov 25 09:49:47 2025]
rule format_cnvs:
    input: /home/user/MARTA/LABO/PULPO/PULPO_v2.0_Bioinformatics_Synthetic/results/DATA/Patients/4/OGMdata/.done
    output: /home/user/MARTA/LABO/PULPO/PULPO_v2.0_Bioinformatics_Synthetic/results/CNVs/Patients/4/drews/drewsformatted.tsv
    log: /home/user/MARTA/LABO/PULPO/PULPO_v2.0_Bioinformatics_Synthetic/logs/CNVs/Patients/4/drews/format_cnvs.log
    jobid: 84
    reason: Missing output files: /home/user/MARTA/LABO/PULPO/PULPO_v2.0_Bioinformatics_Synthetic/results/CNVs/Patients/4/drews/drewsformatted.tsv; Input files updated by another job: /home/user/MARTA/LABO/PULPO/PULPO_v2.0_Bioinformatics_Synthetic/results/DATA/Patients/4/OGMdata/.done
    wildcards: anonymised=4, method=drews
    resources: tmpdir=/tmp

[Tue Nov 25 09:49:47 2025]
Finished job 86.
16 of 100 steps (16%) done
Select jobs to execute...

[Tue Nov 25 09:49:47 2025]
rule ogm_cnv_to_sigprofiler_data:
    input: /home/user/MARTA/LABO/PULPO/PULPO_v2.0_Bioinformatics_Synthetic/results/DATA/Patients/2/OGMdata/.done
    output: /home/user/MARTA/LABO/PULPO/PULPO_v2.0_Bioinformatics_Synthetic/results/CNVs/Patients/2/SigProfiler/data/SigProfilerCNVdf.tsv
    log: /home/user/MARTA/LABO/PULPO/PULPO_v2.0_Bioinformatics_Synthetic/logs/CNVs/Patients/2/SigProfiler/ogm_cnv_to_sigprofiler.log
    jobid: 46
    reason: Missing output files: /home/user/MARTA/LABO/PULPO/PULPO_v2.0_Bioinformatics_Synthetic/results/CNVs/Patients/2/SigProfiler/data/SigProfilerCNVdf.tsv; Input files updated by another job: /home/user/MARTA/LABO/PULPO/PULPO_v2.0_Bioinformatics_Synthetic/results/DATA/Patients/2/OGMdata/.done
    wildcards: anonymised=2
    resources: tmpdir=/tmp

[Tue Nov 25 09:49:47 2025]
Finished job 84.
17 of 100 steps (17%) done
Select jobs to execute...

[Tue Nov 25 09:49:47 2025]
rule check_svs:
    input: /home/user/MARTA/LABO/PULPO/PULPO_v2.0_Bioinformatics_Synthetic/results/DATA/Patients/10/OGMdata/.done
    output: /home/user/MARTA/LABO/PULPO/PULPO_v2.0_Bioinformatics_Synthetic/results/SVs/Patients/10/Check/check_svs_done.txt
    log: /home/user/MARTA/LABO/PULPO/PULPO_v2.0_Bioinformatics_Synthetic/logs/SVs/Patients/10/Check/check_svs.log
    jobid: 11
    reason: Missing output files: /home/user/MARTA/LABO/PULPO/PULPO_v2.0_Bioinformatics_Synthetic/results/SVs/Patients/10/Check/check_svs_done.txt; Input files updated by another job: /home/user/MARTA/LABO/PULPO/PULPO_v2.0_Bioinformatics_Synthetic/results/DATA/Patients/10/OGMdata/.done
    wildcards: anonymised=10
    resources: tmpdir=/tmp

[Tue Nov 25 09:49:48 2025]
Finished job 11.
18 of 100 steps (18%) done
Select jobs to execute...

[Tue Nov 25 09:49:48 2025]
rule smap_to_sigprofiler:
    input: /home/user/MARTA/LABO/PULPO/PULPO_v2.0_Bioinformatics_Synthetic/results/DATA/Patients/5/OGMdata/.done
    output: /home/user/MARTA/LABO/PULPO/PULPO_v2.0_Bioinformatics_Synthetic/results/SVs/Patients/5/SigProfiler/data/SigProfilerSVdf.bedpe
    log: /home/user/MARTA/LABO/PULPO/PULPO_v2.0_Bioinformatics_Synthetic/logs/SVs/Patients/5/SigProfiler/smap_to_sigprofiler.log
    jobid: 16
    reason: Missing output files: /home/user/MARTA/LABO/PULPO/PULPO_v2.0_Bioinformatics_Synthetic/results/SVs/Patients/5/SigProfiler/data/SigProfilerSVdf.bedpe; Input files updated by another job: /home/user/MARTA/LABO/PULPO/PULPO_v2.0_Bioinformatics_Synthetic/results/DATA/Patients/5/OGMdata/.done
    wildcards: anonymised=5
    resources: tmpdir=/tmp

[Tue Nov 25 09:49:48 2025]
Finished job 16.
19 of 100 steps (19%) done
Select jobs to execute...

[Tue Nov 25 09:49:48 2025]
rule sigprofilermatrixgenerator:
    input: /home/user/MARTA/LABO/PULPO/PULPO_v2.0_Bioinformatics_Synthetic/results/SVs/Patients/5/SigProfiler/data/SigProfilerSVdf.bedpe
    output: /home/user/MARTA/LABO/PULPO/PULPO_v2.0_Bioinformatics_Synthetic/results/SVs/Patients/5/SigProfiler/results/MatrixGenerator, /home/user/MARTA/LABO/PULPO/PULPO_v2.0_Bioinformatics_Synthetic/results/SVs/Patients/5/SigProfiler/results/MatrixGenerator/5.SV32.matrix.tsv
    log: /home/user/MARTA/LABO/PULPO/PULPO_v2.0_Bioinformatics_Synthetic/logs/SVs/Patients/5/SigProfiler/sigprofilermatrix.log
    jobid: 26
    reason: Missing output files: /home/user/MARTA/LABO/PULPO/PULPO_v2.0_Bioinformatics_Synthetic/logs/SVs/Patients/5/SigProfiler/sigprofilermatrix.log, /home/user/MARTA/LABO/PULPO/PULPO_v2.0_Bioinformatics_Synthetic/results/SVs/Patients/5/SigProfiler/results/MatrixGenerator/5.SV32.matrix.tsv; Input files updated by another job: /home/user/MARTA/LABO/PULPO/PULPO_v2.0_Bioinformatics_Synthetic/results/SVs/Patients/5/SigProfiler/data/SigProfilerSVdf.bedpe
    wildcards: anonymised=5
    resources: tmpdir=/tmp

[Tue Nov 25 09:49:49 2025]
Finished job 46.
20 of 100 steps (20%) done
Select jobs to execute...

[Tue Nov 25 09:49:49 2025]
rule sigprofilermatrixgeneratorcnv:
    input: /home/user/MARTA/LABO/PULPO/PULPO_v2.0_Bioinformatics_Synthetic/results/CNVs/Patients/2/SigProfiler/data/SigProfilerCNVdf.tsv
    output: /home/user/MARTA/LABO/PULPO/PULPO_v2.0_Bioinformatics_Synthetic/results/CNVs/Patients/2/SigProfiler/results/MatrixGenerator, /home/user/MARTA/LABO/PULPO/PULPO_v2.0_Bioinformatics_Synthetic/results/CNVs/Patients/2/SigProfiler/results/MatrixGenerator/2.CNV48.matrix.tsv, /home/user/MARTA/LABO/PULPO/PULPO_v2.0_Bioinformatics_Synthetic/logs/CNVs/Patients/2/SigProfiler/sigprofilercnvmatrixgenerator.log
    jobid: 56
    reason: Missing output files: /home/user/MARTA/LABO/PULPO/PULPO_v2.0_Bioinformatics_Synthetic/logs/CNVs/Patients/2/SigProfiler/sigprofilercnvmatrixgenerator.log, /home/user/MARTA/LABO/PULPO/PULPO_v2.0_Bioinformatics_Synthetic/results/CNVs/Patients/2/SigProfiler/results/MatrixGenerator/2.CNV48.matrix.tsv; Input files updated by another job: /home/user/MARTA/LABO/PULPO/PULPO_v2.0_Bioinformatics_Synthetic/results/CNVs/Patients/2/SigProfiler/data/SigProfilerCNVdf.tsv
    wildcards: anonymised=2
    resources: tmpdir=/tmp

[Tue Nov 25 09:49:58 2025]
Finished job 56.
21 of 100 steps (21%) done
Select jobs to execute...

[Tue Nov 25 09:49:58 2025]
rule format_cnvs:
    input: /home/user/MARTA/LABO/PULPO/PULPO_v2.0_Bioinformatics_Synthetic/results/DATA/Patients/7/OGMdata/.done
    output: /home/user/MARTA/LABO/PULPO/PULPO_v2.0_Bioinformatics_Synthetic/results/CNVs/Patients/7/tao/taoformatted.tsv
    log: /home/user/MARTA/LABO/PULPO/PULPO_v2.0_Bioinformatics_Synthetic/logs/CNVs/Patients/7/tao/format_cnvs.log
    jobid: 91
    reason: Missing output files: /home/user/MARTA/LABO/PULPO/PULPO_v2.0_Bioinformatics_Synthetic/results/CNVs/Patients/7/tao/taoformatted.tsv; Input files updated by another job: /home/user/MARTA/LABO/PULPO/PULPO_v2.0_Bioinformatics_Synthetic/results/DATA/Patients/7/OGMdata/.done
    wildcards: anonymised=7, method=tao
    resources: tmpdir=/tmp

[Tue Nov 25 09:49:59 2025]
Finished job 91.
22 of 100 steps (22%) done
Select jobs to execute...

[Tue Nov 25 09:49:59 2025]
rule format_cnvs:
    input: /home/user/MARTA/LABO/PULPO/PULPO_v2.0_Bioinformatics_Synthetic/results/DATA/Patients/9/OGMdata/.done
    output: /home/user/MARTA/LABO/PULPO/PULPO_v2.0_Bioinformatics_Synthetic/results/CNVs/Patients/9/drews/drewsformatted.tsv
    log: /home/user/MARTA/LABO/PULPO/PULPO_v2.0_Bioinformatics_Synthetic/logs/CNVs/Patients/9/drews/format_cnvs.log
    jobid: 94
    reason: Missing output files: /home/user/MARTA/LABO/PULPO/PULPO_v2.0_Bioinformatics_Synthetic/results/CNVs/Patients/9/drews/drewsformatted.tsv; Input files updated by another job: /home/user/MARTA/LABO/PULPO/PULPO_v2.0_Bioinformatics_Synthetic/results/DATA/Patients/9/OGMdata/.done
    wildcards: anonymised=9, method=drews
    resources: tmpdir=/tmp

Waiting at most 5 seconds for missing files.
MissingOutputException in rule sigprofilermatrixgenerator in file /home/user/MARTA/LABO/PULPO/PULPO_v2.0_Bioinformatics_Synthetic/rules/2.1_Individualanalysis_SVs.smk, line 17:
Job 26  completed successfully, but some output files are missing. Missing files after 5 seconds. This might be due to filesystem latency. If that is the case, consider to increase the wait time with --latency-wait:
/home/user/MARTA/LABO/PULPO/PULPO_v2.0_Bioinformatics_Synthetic/results/SVs/Patients/5/SigProfiler/results/MatrixGenerator/5.SV32.matrix.tsv
Removing output files of failed job sigprofilermatrixgenerator since they might be corrupted:
/home/user/MARTA/LABO/PULPO/PULPO_v2.0_Bioinformatics_Synthetic/results/SVs/Patients/5/SigProfiler/results/MatrixGenerator
[Tue Nov 25 09:50:04 2025]
Finished job 94.
23 of 100 steps (23%) done
Shutting down, this might take some time.
Exiting because a job execution failed. Look above for error message
Complete log: .snakemake/log/2025-11-25T094938.049152.snakemake.log
