Building DAG of jobs...
Using shell: /usr/bin/bash
Provided cores: 2
Rules claiming more threads will be scaled down.
Job stats:
job                           count
--------------------------  -------
mergepatients                     1
sigprofilerextractorcohort        1
sigprofilermatrixgenerator       10
smap_to_sigprofiler              10
spiralize_svs                     1
total                            23

Select jobs to execute...

[Tue Nov 25 13:21:08 2025]
rule smap_to_sigprofiler:
    input: /home/user/MARTA/LABO/PULPO/PULPO_v2.0_Bioinformatics_Synthetic/results/DATA/Patients/Synthetic_Patient2/OGMdata/.done
    output: /home/user/MARTA/LABO/PULPO/PULPO_v2.0_Bioinformatics_Synthetic/results/SVs/Patients/Synthetic_Patient2/SigProfiler/data/SigProfilerSVdf.bedpe
    log: /home/user/MARTA/LABO/PULPO/PULPO_v2.0_Bioinformatics_Synthetic/logs/SVs/Patients/Synthetic_Patient2/SigProfiler/smap_to_sigprofiler.log
    jobid: 7
    reason: Updated input files: /home/user/MARTA/LABO/PULPO/PULPO_v2.0_Bioinformatics_Synthetic/results/DATA/Patients/Synthetic_Patient2/OGMdata/.done
    wildcards: anonymised=Synthetic_Patient2
    resources: tmpdir=/tmp


[Tue Nov 25 13:21:08 2025]
rule smap_to_sigprofiler:
    input: /home/user/MARTA/LABO/PULPO/PULPO_v2.0_Bioinformatics_Synthetic/results/DATA/Patients/Synthetic_Patient3/OGMdata/.done
    output: /home/user/MARTA/LABO/PULPO/PULPO_v2.0_Bioinformatics_Synthetic/results/SVs/Patients/Synthetic_Patient3/SigProfiler/data/SigProfilerSVdf.bedpe
    log: /home/user/MARTA/LABO/PULPO/PULPO_v2.0_Bioinformatics_Synthetic/logs/SVs/Patients/Synthetic_Patient3/SigProfiler/smap_to_sigprofiler.log
    jobid: 9
    reason: Updated input files: /home/user/MARTA/LABO/PULPO/PULPO_v2.0_Bioinformatics_Synthetic/results/DATA/Patients/Synthetic_Patient3/OGMdata/.done
    wildcards: anonymised=Synthetic_Patient3
    resources: tmpdir=/tmp

[Tue Nov 25 13:21:08 2025]
Finished job 7.
1 of 23 steps (4%) done
[Tue Nov 25 13:21:08 2025]
Finished job 9.
2 of 23 steps (9%) done
Select jobs to execute...

[Tue Nov 25 13:21:08 2025]
rule smap_to_sigprofiler:
    input: /home/user/MARTA/LABO/PULPO/PULPO_v2.0_Bioinformatics_Synthetic/results/DATA/Patients/Synthetic_Patient4/OGMdata/.done
    output: /home/user/MARTA/LABO/PULPO/PULPO_v2.0_Bioinformatics_Synthetic/results/SVs/Patients/Synthetic_Patient4/SigProfiler/data/SigProfilerSVdf.bedpe
    log: /home/user/MARTA/LABO/PULPO/PULPO_v2.0_Bioinformatics_Synthetic/logs/SVs/Patients/Synthetic_Patient4/SigProfiler/smap_to_sigprofiler.log
    jobid: 11
    reason: Updated input files: /home/user/MARTA/LABO/PULPO/PULPO_v2.0_Bioinformatics_Synthetic/results/DATA/Patients/Synthetic_Patient4/OGMdata/.done
    wildcards: anonymised=Synthetic_Patient4
    resources: tmpdir=/tmp


[Tue Nov 25 13:21:08 2025]
rule smap_to_sigprofiler:
    input: /home/user/MARTA/LABO/PULPO/PULPO_v2.0_Bioinformatics_Synthetic/results/DATA/Patients/Synthetic_Patient5/OGMdata/.done
    output: /home/user/MARTA/LABO/PULPO/PULPO_v2.0_Bioinformatics_Synthetic/results/SVs/Patients/Synthetic_Patient5/SigProfiler/data/SigProfilerSVdf.bedpe
    log: /home/user/MARTA/LABO/PULPO/PULPO_v2.0_Bioinformatics_Synthetic/logs/SVs/Patients/Synthetic_Patient5/SigProfiler/smap_to_sigprofiler.log
    jobid: 13
    reason: Updated input files: /home/user/MARTA/LABO/PULPO/PULPO_v2.0_Bioinformatics_Synthetic/results/DATA/Patients/Synthetic_Patient5/OGMdata/.done
    wildcards: anonymised=Synthetic_Patient5
    resources: tmpdir=/tmp

Select jobs to execute...
[Tue Nov 25 13:21:09 2025]
Finished job 13.
3 of 23 steps (13%) done

[Tue Nov 25 13:21:09 2025]
rule sigprofilermatrixgenerator:
    input: /home/user/MARTA/LABO/PULPO/PULPO_v2.0_Bioinformatics_Synthetic/results/SVs/Patients/Synthetic_Patient3/SigProfiler/data/SigProfilerSVdf.bedpe
    output: /home/user/MARTA/LABO/PULPO/PULPO_v2.0_Bioinformatics_Synthetic/results/SVs/Patients/Synthetic_Patient3/SigProfiler/results/MatrixGenerator, /home/user/MARTA/LABO/PULPO/PULPO_v2.0_Bioinformatics_Synthetic/results/SVs/Patients/Synthetic_Patient3/SigProfiler/results/MatrixGenerator/Synthetic_Patient3.SV32.matrix.tsv
    log: /home/user/MARTA/LABO/PULPO/PULPO_v2.0_Bioinformatics_Synthetic/logs/SVs/Patients/Synthetic_Patient3/SigProfiler/sigprofilermatrix.log
    jobid: 8
    reason: Input files updated by another job: /home/user/MARTA/LABO/PULPO/PULPO_v2.0_Bioinformatics_Synthetic/results/SVs/Patients/Synthetic_Patient3/SigProfiler/data/SigProfilerSVdf.bedpe
    wildcards: anonymised=Synthetic_Patient3
    resources: tmpdir=/tmp

[Tue Nov 25 13:21:09 2025]
Finished job 11.
4 of 23 steps (17%) done
Select jobs to execute...

[Tue Nov 25 13:21:09 2025]
rule smap_to_sigprofiler:
    input: /home/user/MARTA/LABO/PULPO/PULPO_v2.0_Bioinformatics_Synthetic/results/DATA/Patients/Synthetic_Patient10/OGMdata/.done
    output: /home/user/MARTA/LABO/PULPO/PULPO_v2.0_Bioinformatics_Synthetic/results/SVs/Patients/Synthetic_Patient10/SigProfiler/data/SigProfilerSVdf.bedpe
    log: /home/user/MARTA/LABO/PULPO/PULPO_v2.0_Bioinformatics_Synthetic/logs/SVs/Patients/Synthetic_Patient10/SigProfiler/smap_to_sigprofiler.log
    jobid: 23
    reason: Updated input files: /home/user/MARTA/LABO/PULPO/PULPO_v2.0_Bioinformatics_Synthetic/results/DATA/Patients/Synthetic_Patient10/OGMdata/.done
    wildcards: anonymised=Synthetic_Patient10
    resources: tmpdir=/tmp

[Tue Nov 25 13:21:10 2025]
Finished job 23.
5 of 23 steps (22%) done
Select jobs to execute...

[Tue Nov 25 13:21:10 2025]
rule sigprofilermatrixgenerator:
    input: /home/user/MARTA/LABO/PULPO/PULPO_v2.0_Bioinformatics_Synthetic/results/SVs/Patients/Synthetic_Patient2/SigProfiler/data/SigProfilerSVdf.bedpe
    output: /home/user/MARTA/LABO/PULPO/PULPO_v2.0_Bioinformatics_Synthetic/results/SVs/Patients/Synthetic_Patient2/SigProfiler/results/MatrixGenerator, /home/user/MARTA/LABO/PULPO/PULPO_v2.0_Bioinformatics_Synthetic/results/SVs/Patients/Synthetic_Patient2/SigProfiler/results/MatrixGenerator/Synthetic_Patient2.SV32.matrix.tsv
    log: /home/user/MARTA/LABO/PULPO/PULPO_v2.0_Bioinformatics_Synthetic/logs/SVs/Patients/Synthetic_Patient2/SigProfiler/sigprofilermatrix.log
    jobid: 6
    reason: Input files updated by another job: /home/user/MARTA/LABO/PULPO/PULPO_v2.0_Bioinformatics_Synthetic/results/SVs/Patients/Synthetic_Patient2/SigProfiler/data/SigProfilerSVdf.bedpe
    wildcards: anonymised=Synthetic_Patient2
    resources: tmpdir=/tmp

[Tue Nov 25 13:21:19 2025]
Finished job 8.
6 of 23 steps (26%) done
Select jobs to execute...

[Tue Nov 25 13:21:19 2025]
rule smap_to_sigprofiler:
    input: /home/user/MARTA/LABO/PULPO/PULPO_v2.0_Bioinformatics_Synthetic/results/DATA/Patients/Synthetic_Patient9/OGMdata/.done
    output: /home/user/MARTA/LABO/PULPO/PULPO_v2.0_Bioinformatics_Synthetic/results/SVs/Patients/Synthetic_Patient9/SigProfiler/data/SigProfilerSVdf.bedpe
    log: /home/user/MARTA/LABO/PULPO/PULPO_v2.0_Bioinformatics_Synthetic/logs/SVs/Patients/Synthetic_Patient9/SigProfiler/smap_to_sigprofiler.log
    jobid: 21
    reason: Updated input files: /home/user/MARTA/LABO/PULPO/PULPO_v2.0_Bioinformatics_Synthetic/results/DATA/Patients/Synthetic_Patient9/OGMdata/.done
    wildcards: anonymised=Synthetic_Patient9
    resources: tmpdir=/tmp

[Tue Nov 25 13:21:20 2025]
Finished job 21.
7 of 23 steps (30%) done
Select jobs to execute...

[Tue Nov 25 13:21:20 2025]
rule smap_to_sigprofiler:
    input: /home/user/MARTA/LABO/PULPO/PULPO_v2.0_Bioinformatics_Synthetic/results/DATA/Patients/Synthetic_Patient1/OGMdata/.done
    output: /home/user/MARTA/LABO/PULPO/PULPO_v2.0_Bioinformatics_Synthetic/results/SVs/Patients/Synthetic_Patient1/SigProfiler/data/SigProfilerSVdf.bedpe
    log: /home/user/MARTA/LABO/PULPO/PULPO_v2.0_Bioinformatics_Synthetic/logs/SVs/Patients/Synthetic_Patient1/SigProfiler/smap_to_sigprofiler.log
    jobid: 4
    reason: Updated input files: /home/user/MARTA/LABO/PULPO/PULPO_v2.0_Bioinformatics_Synthetic/results/DATA/Patients/Synthetic_Patient1/OGMdata/.done
    wildcards: anonymised=Synthetic_Patient1
    resources: tmpdir=/tmp

[Tue Nov 25 13:21:20 2025]
Finished job 6.
8 of 23 steps (35%) done
Select jobs to execute...

[Tue Nov 25 13:21:20 2025]
rule smap_to_sigprofiler:
    input: /home/user/MARTA/LABO/PULPO/PULPO_v2.0_Bioinformatics_Synthetic/results/DATA/Patients/Synthetic_Patient8/OGMdata/.done
    output: /home/user/MARTA/LABO/PULPO/PULPO_v2.0_Bioinformatics_Synthetic/results/SVs/Patients/Synthetic_Patient8/SigProfiler/data/SigProfilerSVdf.bedpe
    log: /home/user/MARTA/LABO/PULPO/PULPO_v2.0_Bioinformatics_Synthetic/logs/SVs/Patients/Synthetic_Patient8/SigProfiler/smap_to_sigprofiler.log
    jobid: 19
    reason: Updated input files: /home/user/MARTA/LABO/PULPO/PULPO_v2.0_Bioinformatics_Synthetic/results/DATA/Patients/Synthetic_Patient8/OGMdata/.done
    wildcards: anonymised=Synthetic_Patient8
    resources: tmpdir=/tmp

[Tue Nov 25 13:21:20 2025]
Finished job 4.
9 of 23 steps (39%) done
Select jobs to execute...

[Tue Nov 25 13:21:20 2025]
rule smap_to_sigprofiler:
    input: /home/user/MARTA/LABO/PULPO/PULPO_v2.0_Bioinformatics_Synthetic/results/DATA/Patients/Synthetic_Patient7/OGMdata/.done
    output: /home/user/MARTA/LABO/PULPO/PULPO_v2.0_Bioinformatics_Synthetic/results/SVs/Patients/Synthetic_Patient7/SigProfiler/data/SigProfilerSVdf.bedpe
    log: /home/user/MARTA/LABO/PULPO/PULPO_v2.0_Bioinformatics_Synthetic/logs/SVs/Patients/Synthetic_Patient7/SigProfiler/smap_to_sigprofiler.log
    jobid: 17
    reason: Updated input files: /home/user/MARTA/LABO/PULPO/PULPO_v2.0_Bioinformatics_Synthetic/results/DATA/Patients/Synthetic_Patient7/OGMdata/.done
    wildcards: anonymised=Synthetic_Patient7
    resources: tmpdir=/tmp

[Tue Nov 25 13:21:20 2025]
Finished job 19.
10 of 23 steps (43%) done
Select jobs to execute...

[Tue Nov 25 13:21:20 2025]
rule smap_to_sigprofiler:
    input: /home/user/MARTA/LABO/PULPO/PULPO_v2.0_Bioinformatics_Synthetic/results/DATA/Patients/Synthetic_Patient6/OGMdata/.done
    output: /home/user/MARTA/LABO/PULPO/PULPO_v2.0_Bioinformatics_Synthetic/results/SVs/Patients/Synthetic_Patient6/SigProfiler/data/SigProfilerSVdf.bedpe
    log: /home/user/MARTA/LABO/PULPO/PULPO_v2.0_Bioinformatics_Synthetic/logs/SVs/Patients/Synthetic_Patient6/SigProfiler/smap_to_sigprofiler.log
    jobid: 15
    reason: Updated input files: /home/user/MARTA/LABO/PULPO/PULPO_v2.0_Bioinformatics_Synthetic/results/DATA/Patients/Synthetic_Patient6/OGMdata/.done
    wildcards: anonymised=Synthetic_Patient6
    resources: tmpdir=/tmp

[Tue Nov 25 13:21:21 2025]
Finished job 17.
11 of 23 steps (48%) done
Select jobs to execute...

[Tue Nov 25 13:21:21 2025]
rule sigprofilermatrixgenerator:
    input: /home/user/MARTA/LABO/PULPO/PULPO_v2.0_Bioinformatics_Synthetic/results/SVs/Patients/Synthetic_Patient10/SigProfiler/data/SigProfilerSVdf.bedpe
    output: /home/user/MARTA/LABO/PULPO/PULPO_v2.0_Bioinformatics_Synthetic/results/SVs/Patients/Synthetic_Patient10/SigProfiler/results/MatrixGenerator, /home/user/MARTA/LABO/PULPO/PULPO_v2.0_Bioinformatics_Synthetic/results/SVs/Patients/Synthetic_Patient10/SigProfiler/results/MatrixGenerator/Synthetic_Patient10.SV32.matrix.tsv
    log: /home/user/MARTA/LABO/PULPO/PULPO_v2.0_Bioinformatics_Synthetic/logs/SVs/Patients/Synthetic_Patient10/SigProfiler/sigprofilermatrix.log
    jobid: 22
    reason: Input files updated by another job: /home/user/MARTA/LABO/PULPO/PULPO_v2.0_Bioinformatics_Synthetic/results/SVs/Patients/Synthetic_Patient10/SigProfiler/data/SigProfilerSVdf.bedpe
    wildcards: anonymised=Synthetic_Patient10
    resources: tmpdir=/tmp

[Tue Nov 25 13:21:21 2025]
Finished job 15.
12 of 23 steps (52%) done
Select jobs to execute...

[Tue Nov 25 13:21:21 2025]
rule sigprofilermatrixgenerator:
    input: /home/user/MARTA/LABO/PULPO/PULPO_v2.0_Bioinformatics_Synthetic/results/SVs/Patients/Synthetic_Patient9/SigProfiler/data/SigProfilerSVdf.bedpe
    output: /home/user/MARTA/LABO/PULPO/PULPO_v2.0_Bioinformatics_Synthetic/results/SVs/Patients/Synthetic_Patient9/SigProfiler/results/MatrixGenerator, /home/user/MARTA/LABO/PULPO/PULPO_v2.0_Bioinformatics_Synthetic/results/SVs/Patients/Synthetic_Patient9/SigProfiler/results/MatrixGenerator/Synthetic_Patient9.SV32.matrix.tsv
    log: /home/user/MARTA/LABO/PULPO/PULPO_v2.0_Bioinformatics_Synthetic/logs/SVs/Patients/Synthetic_Patient9/SigProfiler/sigprofilermatrix.log
    jobid: 20
    reason: Input files updated by another job: /home/user/MARTA/LABO/PULPO/PULPO_v2.0_Bioinformatics_Synthetic/results/SVs/Patients/Synthetic_Patient9/SigProfiler/data/SigProfilerSVdf.bedpe
    wildcards: anonymised=Synthetic_Patient9
    resources: tmpdir=/tmp

[Tue Nov 25 13:21:32 2025]
Finished job 22.
13 of 23 steps (57%) done
Select jobs to execute...

[Tue Nov 25 13:21:32 2025]
rule sigprofilermatrixgenerator:
    input: /home/user/MARTA/LABO/PULPO/PULPO_v2.0_Bioinformatics_Synthetic/results/SVs/Patients/Synthetic_Patient1/SigProfiler/data/SigProfilerSVdf.bedpe
    output: /home/user/MARTA/LABO/PULPO/PULPO_v2.0_Bioinformatics_Synthetic/results/SVs/Patients/Synthetic_Patient1/SigProfiler/results/MatrixGenerator, /home/user/MARTA/LABO/PULPO/PULPO_v2.0_Bioinformatics_Synthetic/results/SVs/Patients/Synthetic_Patient1/SigProfiler/results/MatrixGenerator/Synthetic_Patient1.SV32.matrix.tsv
    log: /home/user/MARTA/LABO/PULPO/PULPO_v2.0_Bioinformatics_Synthetic/logs/SVs/Patients/Synthetic_Patient1/SigProfiler/sigprofilermatrix.log
    jobid: 3
    reason: Input files updated by another job: /home/user/MARTA/LABO/PULPO/PULPO_v2.0_Bioinformatics_Synthetic/results/SVs/Patients/Synthetic_Patient1/SigProfiler/data/SigProfilerSVdf.bedpe
    wildcards: anonymised=Synthetic_Patient1
    resources: tmpdir=/tmp

[Tue Nov 25 13:21:32 2025]
Finished job 20.
14 of 23 steps (61%) done
Select jobs to execute...

[Tue Nov 25 13:21:32 2025]
rule sigprofilermatrixgenerator:
    input: /home/user/MARTA/LABO/PULPO/PULPO_v2.0_Bioinformatics_Synthetic/results/SVs/Patients/Synthetic_Patient8/SigProfiler/data/SigProfilerSVdf.bedpe
    output: /home/user/MARTA/LABO/PULPO/PULPO_v2.0_Bioinformatics_Synthetic/results/SVs/Patients/Synthetic_Patient8/SigProfiler/results/MatrixGenerator, /home/user/MARTA/LABO/PULPO/PULPO_v2.0_Bioinformatics_Synthetic/results/SVs/Patients/Synthetic_Patient8/SigProfiler/results/MatrixGenerator/Synthetic_Patient8.SV32.matrix.tsv
    log: /home/user/MARTA/LABO/PULPO/PULPO_v2.0_Bioinformatics_Synthetic/logs/SVs/Patients/Synthetic_Patient8/SigProfiler/sigprofilermatrix.log
    jobid: 18
    reason: Input files updated by another job: /home/user/MARTA/LABO/PULPO/PULPO_v2.0_Bioinformatics_Synthetic/results/SVs/Patients/Synthetic_Patient8/SigProfiler/data/SigProfilerSVdf.bedpe
    wildcards: anonymised=Synthetic_Patient8
    resources: tmpdir=/tmp

[Tue Nov 25 13:21:42 2025]
Finished job 3.
15 of 23 steps (65%) done
Select jobs to execute...

[Tue Nov 25 13:21:42 2025]
rule sigprofilermatrixgenerator:
    input: /home/user/MARTA/LABO/PULPO/PULPO_v2.0_Bioinformatics_Synthetic/results/SVs/Patients/Synthetic_Patient7/SigProfiler/data/SigProfilerSVdf.bedpe
    output: /home/user/MARTA/LABO/PULPO/PULPO_v2.0_Bioinformatics_Synthetic/results/SVs/Patients/Synthetic_Patient7/SigProfiler/results/MatrixGenerator, /home/user/MARTA/LABO/PULPO/PULPO_v2.0_Bioinformatics_Synthetic/results/SVs/Patients/Synthetic_Patient7/SigProfiler/results/MatrixGenerator/Synthetic_Patient7.SV32.matrix.tsv
    log: /home/user/MARTA/LABO/PULPO/PULPO_v2.0_Bioinformatics_Synthetic/logs/SVs/Patients/Synthetic_Patient7/SigProfiler/sigprofilermatrix.log
    jobid: 16
    reason: Input files updated by another job: /home/user/MARTA/LABO/PULPO/PULPO_v2.0_Bioinformatics_Synthetic/results/SVs/Patients/Synthetic_Patient7/SigProfiler/data/SigProfilerSVdf.bedpe
    wildcards: anonymised=Synthetic_Patient7
    resources: tmpdir=/tmp

[Tue Nov 25 13:21:42 2025]
Finished job 18.
16 of 23 steps (70%) done
Select jobs to execute...

[Tue Nov 25 13:21:42 2025]
rule sigprofilermatrixgenerator:
    input: /home/user/MARTA/LABO/PULPO/PULPO_v2.0_Bioinformatics_Synthetic/results/SVs/Patients/Synthetic_Patient6/SigProfiler/data/SigProfilerSVdf.bedpe
    output: /home/user/MARTA/LABO/PULPO/PULPO_v2.0_Bioinformatics_Synthetic/results/SVs/Patients/Synthetic_Patient6/SigProfiler/results/MatrixGenerator, /home/user/MARTA/LABO/PULPO/PULPO_v2.0_Bioinformatics_Synthetic/results/SVs/Patients/Synthetic_Patient6/SigProfiler/results/MatrixGenerator/Synthetic_Patient6.SV32.matrix.tsv
    log: /home/user/MARTA/LABO/PULPO/PULPO_v2.0_Bioinformatics_Synthetic/logs/SVs/Patients/Synthetic_Patient6/SigProfiler/sigprofilermatrix.log
    jobid: 14
    reason: Input files updated by another job: /home/user/MARTA/LABO/PULPO/PULPO_v2.0_Bioinformatics_Synthetic/results/SVs/Patients/Synthetic_Patient6/SigProfiler/data/SigProfilerSVdf.bedpe
    wildcards: anonymised=Synthetic_Patient6
    resources: tmpdir=/tmp

[Tue Nov 25 13:21:51 2025]
Finished job 16.
17 of 23 steps (74%) done
Select jobs to execute...

[Tue Nov 25 13:21:51 2025]
rule sigprofilermatrixgenerator:
    input: /home/user/MARTA/LABO/PULPO/PULPO_v2.0_Bioinformatics_Synthetic/results/SVs/Patients/Synthetic_Patient4/SigProfiler/data/SigProfilerSVdf.bedpe
    output: /home/user/MARTA/LABO/PULPO/PULPO_v2.0_Bioinformatics_Synthetic/results/SVs/Patients/Synthetic_Patient4/SigProfiler/results/MatrixGenerator, /home/user/MARTA/LABO/PULPO/PULPO_v2.0_Bioinformatics_Synthetic/results/SVs/Patients/Synthetic_Patient4/SigProfiler/results/MatrixGenerator/Synthetic_Patient4.SV32.matrix.tsv
    log: /home/user/MARTA/LABO/PULPO/PULPO_v2.0_Bioinformatics_Synthetic/logs/SVs/Patients/Synthetic_Patient4/SigProfiler/sigprofilermatrix.log
    jobid: 10
    reason: Input files updated by another job: /home/user/MARTA/LABO/PULPO/PULPO_v2.0_Bioinformatics_Synthetic/results/SVs/Patients/Synthetic_Patient4/SigProfiler/data/SigProfilerSVdf.bedpe
    wildcards: anonymised=Synthetic_Patient4
    resources: tmpdir=/tmp

[Tue Nov 25 13:21:51 2025]
Finished job 14.
18 of 23 steps (78%) done
Select jobs to execute...

[Tue Nov 25 13:21:51 2025]
rule sigprofilermatrixgenerator:
    input: /home/user/MARTA/LABO/PULPO/PULPO_v2.0_Bioinformatics_Synthetic/results/SVs/Patients/Synthetic_Patient5/SigProfiler/data/SigProfilerSVdf.bedpe
    output: /home/user/MARTA/LABO/PULPO/PULPO_v2.0_Bioinformatics_Synthetic/results/SVs/Patients/Synthetic_Patient5/SigProfiler/results/MatrixGenerator, /home/user/MARTA/LABO/PULPO/PULPO_v2.0_Bioinformatics_Synthetic/results/SVs/Patients/Synthetic_Patient5/SigProfiler/results/MatrixGenerator/Synthetic_Patient5.SV32.matrix.tsv
    log: /home/user/MARTA/LABO/PULPO/PULPO_v2.0_Bioinformatics_Synthetic/logs/SVs/Patients/Synthetic_Patient5/SigProfiler/sigprofilermatrix.log
    jobid: 12
    reason: Input files updated by another job: /home/user/MARTA/LABO/PULPO/PULPO_v2.0_Bioinformatics_Synthetic/results/SVs/Patients/Synthetic_Patient5/SigProfiler/data/SigProfilerSVdf.bedpe
    wildcards: anonymised=Synthetic_Patient5
    resources: tmpdir=/tmp

[Tue Nov 25 13:22:02 2025]
Finished job 10.
19 of 23 steps (83%) done
[Tue Nov 25 13:22:02 2025]
Finished job 12.
20 of 23 steps (87%) done
Select jobs to execute...

[Tue Nov 25 13:22:02 2025]
rule mergepatients:
    input: /home/user/MARTA/LABO/PULPO/PULPO_v2.0_Bioinformatics_Synthetic/logs/SVs/Patients/Synthetic_Patient1/SigProfiler/sigprofilermatrix.log, /home/user/MARTA/LABO/PULPO/PULPO_v2.0_Bioinformatics_Synthetic/logs/SVs/Patients/Synthetic_Patient2/SigProfiler/sigprofilermatrix.log, /home/user/MARTA/LABO/PULPO/PULPO_v2.0_Bioinformatics_Synthetic/logs/SVs/Patients/Synthetic_Patient3/SigProfiler/sigprofilermatrix.log, /home/user/MARTA/LABO/PULPO/PULPO_v2.0_Bioinformatics_Synthetic/logs/SVs/Patients/Synthetic_Patient4/SigProfiler/sigprofilermatrix.log, /home/user/MARTA/LABO/PULPO/PULPO_v2.0_Bioinformatics_Synthetic/logs/SVs/Patients/Synthetic_Patient5/SigProfiler/sigprofilermatrix.log, /home/user/MARTA/LABO/PULPO/PULPO_v2.0_Bioinformatics_Synthetic/logs/SVs/Patients/Synthetic_Patient6/SigProfiler/sigprofilermatrix.log, /home/user/MARTA/LABO/PULPO/PULPO_v2.0_Bioinformatics_Synthetic/logs/SVs/Patients/Synthetic_Patient7/SigProfiler/sigprofilermatrix.log, /home/user/MARTA/LABO/PULPO/PULPO_v2.0_Bioinformatics_Synthetic/logs/SVs/Patients/Synthetic_Patient8/SigProfiler/sigprofilermatrix.log, /home/user/MARTA/LABO/PULPO/PULPO_v2.0_Bioinformatics_Synthetic/logs/SVs/Patients/Synthetic_Patient9/SigProfiler/sigprofilermatrix.log, /home/user/MARTA/LABO/PULPO/PULPO_v2.0_Bioinformatics_Synthetic/logs/SVs/Patients/Synthetic_Patient10/SigProfiler/sigprofilermatrix.log
    output: /home/user/MARTA/LABO/PULPO/PULPO_v2.0_Bioinformatics_Synthetic/results/SVs/Cohort/Cohort.SV32.matrix.tsv
    log: /home/user/MARTA/LABO/PULPO/PULPO_v2.0_Bioinformatics_Synthetic/logs/SVs/Cohort/mergepatients/mergepatients.log
    jobid: 2
    reason: Input files updated by another job: /home/user/MARTA/LABO/PULPO/PULPO_v2.0_Bioinformatics_Synthetic/logs/SVs/Patients/Synthetic_Patient2/SigProfiler/sigprofilermatrix.log, /home/user/MARTA/LABO/PULPO/PULPO_v2.0_Bioinformatics_Synthetic/logs/SVs/Patients/Synthetic_Patient7/SigProfiler/sigprofilermatrix.log, /home/user/MARTA/LABO/PULPO/PULPO_v2.0_Bioinformatics_Synthetic/logs/SVs/Patients/Synthetic_Patient6/SigProfiler/sigprofilermatrix.log, /home/user/MARTA/LABO/PULPO/PULPO_v2.0_Bioinformatics_Synthetic/logs/SVs/Patients/Synthetic_Patient1/SigProfiler/sigprofilermatrix.log, /home/user/MARTA/LABO/PULPO/PULPO_v2.0_Bioinformatics_Synthetic/logs/SVs/Patients/Synthetic_Patient5/SigProfiler/sigprofilermatrix.log, /home/user/MARTA/LABO/PULPO/PULPO_v2.0_Bioinformatics_Synthetic/logs/SVs/Patients/Synthetic_Patient3/SigProfiler/sigprofilermatrix.log, /home/user/MARTA/LABO/PULPO/PULPO_v2.0_Bioinformatics_Synthetic/logs/SVs/Patients/Synthetic_Patient9/SigProfiler/sigprofilermatrix.log, /home/user/MARTA/LABO/PULPO/PULPO_v2.0_Bioinformatics_Synthetic/logs/SVs/Patients/Synthetic_Patient8/SigProfiler/sigprofilermatrix.log, /home/user/MARTA/LABO/PULPO/PULPO_v2.0_Bioinformatics_Synthetic/logs/SVs/Patients/Synthetic_Patient10/SigProfiler/sigprofilermatrix.log, /home/user/MARTA/LABO/PULPO/PULPO_v2.0_Bioinformatics_Synthetic/logs/SVs/Patients/Synthetic_Patient4/SigProfiler/sigprofilermatrix.log
    resources: tmpdir=/tmp

[Tue Nov 25 13:22:02 2025]
Finished job 2.
21 of 23 steps (91%) done
Select jobs to execute...

[Tue Nov 25 13:22:02 2025]
rule sigprofilerextractorcohort:
    input: /home/user/MARTA/LABO/PULPO/PULPO_v2.0_Bioinformatics_Synthetic/results/SVs/Cohort/Cohort.SV32.matrix.tsv
    output: /home/user/MARTA/LABO/PULPO/PULPO_v2.0_Bioinformatics_Synthetic/results/SVs/Cohort/SigProfiler/Extractor, /home/user/MARTA/LABO/PULPO/PULPO_v2.0_Bioinformatics_Synthetic/results/SVs/Cohort/SigProfiler/Extractor/SV32/Suggested_Solution/COSMIC_SV32_Decomposed_Solution/Activities/COSMIC_SV32_Activities.txt
    log: /home/user/MARTA/LABO/PULPO/PULPO_v2.0_Bioinformatics_Synthetic/logs/SVs/Cohort/SigProfiler/sigprofilerextractorcohort.log
    jobid: 1
    benchmark: /home/user/MARTA/LABO/PULPO/PULPO_v2.0_Bioinformatics_Synthetic/logs/benchmarks/svscohortsigprofiler_benchmark.txt
    reason: Input files updated by another job: /home/user/MARTA/LABO/PULPO/PULPO_v2.0_Bioinformatics_Synthetic/results/SVs/Cohort/Cohort.SV32.matrix.tsv
    resources: tmpdir=/tmp, mem_mb=64000, mem_mib=61036, threads=6

[Tue Nov 25 13:33:28 2025]
Finished job 1.
22 of 23 steps (96%) done
Select jobs to execute...

[Tue Nov 25 13:33:28 2025]
rule spiralize_svs:
    input: /home/user/MARTA/LABO/PULPO/PULPO_v2.0_Bioinformatics_Synthetic/results/SVs/Cohort/SigProfiler/Extractor/SV32/Suggested_Solution/COSMIC_SV32_Decomposed_Solution/Activities/COSMIC_SV32_Activities.txt
    output: /home/user/MARTA/LABO/PULPO/PULPO_v2.0_Bioinformatics_Synthetic/results/SVs/Cohort/SigProfiler/COSMIC_SV32_Activities_SV_spiral.svg, /home/user/MARTA/LABO/PULPO/PULPO_v2.0_Bioinformatics_Synthetic/results/SVs/Cohort/SigProfiler/COSMIC_SV32_Activities_SV_spiral.pdf
    log: /home/user/MARTA/LABO/PULPO/PULPO_v2.0_Bioinformatics_Synthetic/logs/SVs/Cohort/spiralize_SVs.log
    jobid: 0
    reason: Input files updated by another job: /home/user/MARTA/LABO/PULPO/PULPO_v2.0_Bioinformatics_Synthetic/results/SVs/Cohort/SigProfiler/Extractor/SV32/Suggested_Solution/COSMIC_SV32_Decomposed_Solution/Activities/COSMIC_SV32_Activities.txt
    resources: tmpdir=/tmp, mem_mb=16000, mem_mib=15259, threads=2

[Tue Nov 25 13:33:29 2025]
Finished job 0.
23 of 23 steps (100%) done
Complete log: .snakemake/log/2025-11-25T132107.562351.snakemake.log
