Building DAG of jobs...
Using shell: /usr/bin/bash
Provided cores: 2
Rules claiming more threads will be scaled down.
Job stats:
job      count
-----  -------
tao          1
total        1

Select jobs to execute...

[Tue Nov 25 13:57:02 2025]
rule tao:
    input: /home/user/MARTA/LABO/PULPO/PULPO_v2.0_Bioinformatics_Synthetic/results/CNVs/Patients/Synthetic_Patient1/tao/taoformatted.tsv, /home/user/MARTA/LABO/PULPO/PULPO_v2.0_Bioinformatics_Synthetic/results/CNVs/Patients/Synthetic_Patient2/tao/taoformatted.tsv, /home/user/MARTA/LABO/PULPO/PULPO_v2.0_Bioinformatics_Synthetic/results/CNVs/Patients/Synthetic_Patient3/tao/taoformatted.tsv, /home/user/MARTA/LABO/PULPO/PULPO_v2.0_Bioinformatics_Synthetic/results/CNVs/Patients/Synthetic_Patient4/tao/taoformatted.tsv, /home/user/MARTA/LABO/PULPO/PULPO_v2.0_Bioinformatics_Synthetic/results/CNVs/Patients/Synthetic_Patient5/tao/taoformatted.tsv, /home/user/MARTA/LABO/PULPO/PULPO_v2.0_Bioinformatics_Synthetic/results/CNVs/Patients/Synthetic_Patient6/tao/taoformatted.tsv, /home/user/MARTA/LABO/PULPO/PULPO_v2.0_Bioinformatics_Synthetic/results/CNVs/Patients/Synthetic_Patient7/tao/taoformatted.tsv, /home/user/MARTA/LABO/PULPO/PULPO_v2.0_Bioinformatics_Synthetic/results/CNVs/Patients/Synthetic_Patient8/tao/taoformatted.tsv, /home/user/MARTA/LABO/PULPO/PULPO_v2.0_Bioinformatics_Synthetic/results/CNVs/Patients/Synthetic_Patient9/tao/taoformatted.tsv, /home/user/MARTA/LABO/PULPO/PULPO_v2.0_Bioinformatics_Synthetic/results/CNVs/Patients/Synthetic_Patient10/tao/taoformatted.tsv
    output: /home/user/MARTA/LABO/PULPO/PULPO_v2.0_Bioinformatics_Synthetic/results/CNVs/Cohort/Sigminer, /home/user/MARTA/LABO/PULPO/PULPO_v2.0_Bioinformatics_Synthetic/results/CNVs/Cohort/Sigminer/signatures.csv, /home/user/MARTA/LABO/PULPO/PULPO_v2.0_Bioinformatics_Synthetic/results/CNVs/Cohort/Sigminer/exposures.csv, /home/user/MARTA/LABO/PULPO/PULPO_v2.0_Bioinformatics_Synthetic/results/CNVs/Cohort/Sigminer/Tao_signatures.png, /home/user/MARTA/LABO/PULPO/PULPO_v2.0_Bioinformatics_Synthetic/results/CNVs/Cohort/Sigminer/Tao_exposures.png
    log: /home/user/MARTA/LABO/PULPO/PULPO_v2.0_Bioinformatics_Synthetic/logs/CNVs/Cohort/tao_method.log
    jobid: 0
    benchmark: /home/user/MARTA/LABO/PULPO/PULPO_v2.0_Bioinformatics_Synthetic/logs/benchmarks/tao_benchmark.txt
    reason: Forced execution
    resources: tmpdir=/tmp, mem_mb=24000, mem_mib=22889, threads=4

Waiting at most 5 seconds for missing files.
MissingOutputException in rule tao in file /home/user/MARTA/LABO/PULPO/PULPO_v2.0_Bioinformatics_Synthetic/rules/Tao.smk, line 30:
Job 0 completed successfully, but some output files are missing. Missing files after 5 seconds. This might be due to filesystem latency. If that is the case, consider to increase the wait time with --latency-wait:
/home/user/MARTA/LABO/PULPO/PULPO_v2.0_Bioinformatics_Synthetic/results/CNVs/Cohort/Sigminer/signatures.csv
/home/user/MARTA/LABO/PULPO/PULPO_v2.0_Bioinformatics_Synthetic/results/CNVs/Cohort/Sigminer/exposures.csv
Removing output files of failed job tao since they might be corrupted:
/home/user/MARTA/LABO/PULPO/PULPO_v2.0_Bioinformatics_Synthetic/results/CNVs/Cohort/Sigminer, /home/user/MARTA/LABO/PULPO/PULPO_v2.0_Bioinformatics_Synthetic/results/CNVs/Cohort/Sigminer/Tao_signatures.png, /home/user/MARTA/LABO/PULPO/PULPO_v2.0_Bioinformatics_Synthetic/results/CNVs/Cohort/Sigminer/Tao_exposures.png
Shutting down, this might take some time.
Exiting because a job execution failed. Look above for error message
Complete log: .snakemake/log/2025-11-25T135702.081580.snakemake.log
